2025-11-08 20:29:59 INFO: withdraw $267.57 from account rp332960 balance forward 1655.45
2025-11-08 20:29:59 INFO: deposit $766.53 into account vc906780 balance forward 3140.11
2025-11-08 20:29:59 INFO: withdraw $297.30 from account gj286137 balance forward 5487.19
2025-11-08 20:29:59 INFO: deposit $990.75 into account il419064 balance forward 3915.50
2025-11-08 20:29:59 INFO: deposit $570.36 into account op241131 balance forward 8970.14
2025-11-08 20:29:59 INFO: withdraw $668.15 from account tx224661 balance forward 7780.94
2025-11-08 20:29:59 INFO: deposit $387.71 into account is427739 balance forward 5440.74
2025-11-08 20:29:59 INFO: withdraw $201.82 from account ek249834 balance forward 7117.38
2025-11-08 20:29:59 INFO: deposit $577.56 into account mp739404 balance forward 9335.27
2025-11-08 20:29:59 INFO: withdraw $552.85 from account bp725700 balance forward 5527.68
2025-11-08 20:29:59 INFO: deposit $58.44 into account fa591940 balance forward 5436.76
2025-11-08 20:29:59 INFO: withdraw $791.45 from account ux833041 balance forward 8477.39
2025-11-08 20:29:59 INFO: deposit $262.97 into account sa800838 balance forward 8388.26
2025-11-08 20:29:59 INFO: deposit $969.34 into account ze572689 balance forward 1872.43
2025-11-08 20:29:59 INFO: withdraw $411.03 from account nz290989 balance forward 1830.09
2025-11-08 20:29:59 INFO: deposit $687.71 into account ti645705 balance forward 3054.49
2025-11-08 20:29:59 INFO: withdraw $782.07 from account yd265815 balance forward 2151.13
2025-11-08 20:29:59 INFO: deposit $564.85 into account hn863963 balance forward 6462.96
2025-11-08 20:29:59 INFO: deposit $708.10 into account ze572689 balance forward 2580.53
2025-11-08 20:29:59 INFO: deposit $324.24 into account es461694 balance forward 2262.47
2025-11-08 20:29:59 INFO: deposit $419.93 into account sh856684 balance forward 10019.82
2025-11-08 20:29:59 INFO: withdraw $497.91 from account cy231234 balance forward 7856.41
2025-11-08 20:29:59 INFO: deposit $288.26 into account ps899285 balance forward 6437.96
2025-11-08 20:29:59 INFO: deposit $757.34 into account sj515928 balance forward 7876.68
2025-11-08 20:29:59 INFO: deposit $527.28 into account hw819360 balance forward 1467.96
2025-11-08 20:29:59 INFO: deposit $446.13 into account ux839899 balance forward 6454.19
2025-11-08 20:29:59 INFO: deposit $466.47 into account gb946504 balance forward 1636.05
2025-11-08 20:29:59 INFO: deposit $540.41 into account mm139416 balance forward 1583.22
2025-11-08 20:29:59 INFO: withdraw $518.41 from account vm423150 balance forward 6214.77
2025-11-08 20:29:59 INFO: deposit $842.84 into account ao886047 balance forward 6441.07
2025-11-08 20:29:59 INFO: withdraw $950.07 from account pr470955 balance forward 7888.79
2025-11-08 20:29:59 INFO: deposit $309.25 into account ig501634 balance forward 927.04
2025-11-08 20:29:59 INFO: deposit $794.06 into account kv697704 balance forward 3788.62
2025-11-08 20:29:59 INFO: withdraw $834.64 from account ng636793 balance forward 1439.81
2025-11-08 20:29:59 INFO: deposit $18.98 into account fa591940 balance forward 5455.74
2025-11-08 20:29:59 INFO: deposit $602.60 into account zq388703 balance forward 9204.55
2025-11-08 20:29:59 INFO: withdraw $592.06 from account nv531885 balance forward 7210.71
2025-11-08 20:29:59 INFO: withdraw $289.65 from account hm817869 balance forward 8509.13
2025-11-08 20:29:59 INFO: withdraw $507.00 from account mf321144 balance forward 445.36
2025-11-08 20:29:59 INFO: deposit $822.93 into account if132802 balance forward 8829.63
2025-11-08 20:29:59 INFO: withdraw $711.81 from account pz322999 balance forward 2124.91
2025-11-08 20:29:59 INFO: withdraw $822.35 from account uj417690 balance forward 1738.12
2025-11-08 20:29:59 INFO: withdraw $474.34 from account vg107077 balance forward 8615.97
2025-11-08 20:29:59 INFO: withdraw $178.42 from account kh523308 balance forward 1447.37
2025-11-08 20:29:59 INFO: deposit $37.79 into account oh223982 balance forward 7618.56
2025-11-08 20:29:59 INFO: deposit $180.50 into account cd428747 balance forward 2085.80
2025-11-08 20:29:59 INFO: withdraw $383.93 from account gl866732 balance forward 7609.47
2025-11-08 20:29:59 INFO: withdraw $658.46 from account lm940986 balance forward 897.83
2025-11-08 20:29:59 INFO: deposit $267.49 into account rp332960 balance forward 1922.94
2025-11-08 20:29:59 INFO: deposit $818.19 into account me524056 balance forward 1777.30
2025-11-08 20:29:59 INFO: withdraw $921.79 from account lx568657 balance forward 628.87
2025-11-08 20:29:59 INFO: deposit $487.84 into account jf380789 balance forward 5522.18
2025-11-08 20:29:59 INFO: withdraw $841.37 from account yh791790 balance forward 5683.23
2025-11-08 20:29:59 INFO: deposit $68.65 into account ev520081 balance forward 9267.47
2025-11-08 20:29:59 INFO: withdraw $296.86 from account so374484 balance forward 6306.65
2025-11-08 20:29:59 INFO: withdraw $373.71 from account zj335065 balance forward 6370.69
2025-11-08 20:29:59 INFO: deposit $140.48 into account gg760394 balance forward 2842.82
2025-11-08 20:29:59 INFO: withdraw $246.59 from account fm153275 balance forward 5390.75
2025-11-08 20:29:59 INFO: deposit $593.41 into account gj286137 balance forward 6080.60
2025-11-08 20:29:59 INFO: withdraw $507.68 from account tx835396 balance forward 2085.50
2025-11-08 20:29:59 INFO: withdraw $515.68 from account ux839899 balance forward 5938.51
2025-11-08 20:29:59 INFO: withdraw $288.74 from account ym890403 balance forward 4986.94
2025-11-08 20:29:59 INFO: deposit $510.21 into account zj992833 balance forward 6591.95
2025-11-08 20:29:59 INFO: withdraw $658.06 from account nq350637 balance forward 8798.55
2025-11-08 20:29:59 INFO: deposit $551.96 into account ye945342 balance forward 7149.99
2025-11-08 20:29:59 INFO: withdraw $798.00 from account lr123706 balance forward 6324.32
2025-11-08 20:29:59 INFO: deposit $189.11 into account ir605298 balance forward 2739.84
2025-11-08 20:29:59 INFO: deposit $469.35 into account hx146890 balance forward 2542.89
2025-11-08 20:29:59 INFO: withdraw $73.83 from account tc759325 balance forward 4994.09
2025-11-08 20:29:59 INFO: deposit $757.89 into account ys570572 balance forward 2640.98
2025-11-08 20:29:59 INFO: deposit $468.20 into account fd789053 balance forward 3105.37
2025-11-08 20:29:59 INFO: withdraw $395.83 from account gd257316 balance forward 7851.78
2025-11-08 20:29:59 INFO: deposit $498.91 into account sn317734 balance forward 6934.27
2025-11-08 20:29:59 INFO: deposit $422.80 into account mp739404 balance forward 9758.07
2025-11-08 20:29:59 INFO: withdraw $635.36 from account mp759295 balance forward 6044.66
2025-11-08 20:29:59 INFO: withdraw $819.83 from account tf922589 balance forward 442.77
2025-11-08 20:29:59 INFO: deposit $700.04 into account kv697704 balance forward 4488.66
2025-11-08 20:29:59 INFO: deposit $957.03 into account wj870246 balance forward 2301.59
2025-11-08 20:29:59 INFO: deposit $904.18 into account yl434099 balance forward 1914.01
2025-11-08 20:29:59 INFO: deposit $563.83 into account yl434099 balance forward 2477.84
2025-11-08 20:29:59 INFO: deposit $273.57 into account rk427181 balance forward 1028.82
2025-11-08 20:29:59 INFO: withdraw $753.94 from account os576633 balance forward 4695.59
2025-11-08 20:29:59 INFO: withdraw $532.52 from account jh508581 balance forward 2445.89
2025-11-08 20:29:59 INFO: deposit $862.97 into account vg107077 balance forward 9478.94
2025-11-08 20:29:59 INFO: withdraw $527.74 from account zx114329 balance forward 2054.48
2025-11-08 20:29:59 INFO: deposit $491.39 into account lm940986 balance forward 1389.22
2025-11-08 20:29:59 INFO: deposit $294.99 into account zx114329 balance forward 2349.47
2025-11-08 20:29:59 INFO: withdraw $444.21 from account mm139416 balance forward 1139.01
2025-11-08 20:29:59 INFO: deposit $366.77 into account tq892641 balance forward 1510.04
2025-11-08 20:29:59 INFO: withdraw $74.65 from account pc592277 balance forward 2032.97
2025-11-08 20:29:59 INFO: deposit $113.46 into account zs315963 balance forward 1602.97
2025-11-08 20:29:59 INFO: withdraw $64.19 from account na324874 balance forward 9325.83
2025-11-08 20:29:59 INFO: deposit $929.35 into account lh588667 balance forward 3858.52
2025-11-08 20:29:59 INFO: withdraw $635.79 from account uy811249 balance forward 1827.10
2025-11-08 20:29:59 ERROR nonsufficient funds: withdraw $865.26 from account uk330247
2025-11-08 20:29:59 INFO: deposit $416.64 into account jw598210 balance forward 2781.01
2025-11-08 20:29:59 INFO: withdraw $932.23 from account ou271180 balance forward 6976.11
2025-11-08 20:29:59 INFO: withdraw $579.49 from account pr635585 balance forward 6205.57
2025-11-08 20:29:59 INFO: deposit $35.74 into account fd789053 balance forward 3141.11
2025-11-08 20:29:59 INFO: withdraw $577.18 from account sg223394 balance forward 8778.84
2025-11-08 20:29:59 INFO: deposit $833.50 into account mz565781 balance forward 10036.81
2025-11-08 20:29:59 INFO: withdraw $599.55 from account jz385253 balance forward 1479.76
2025-11-08 20:29:59 INFO: withdraw $337.65 from account nh869874 balance forward 7979.59
2025-11-08 20:29:59 INFO: deposit $43.08 into account ig501634 balance forward 970.12
2025-11-08 20:29:59 INFO: withdraw $853.73 from account fw431659 balance forward 6451.48
2025-11-08 20:29:59 INFO: withdraw $920.61 from account ri770088 balance forward 592.31
2025-11-08 20:29:59 INFO: deposit $604.41 into account so374484 balance forward 6911.06
2025-11-08 20:29:59 INFO: withdraw $176.89 from account gj286137 balance forward 5903.71
2025-11-08 20:29:59 ERROR nonsufficient funds: withdraw $807.08 from account uk330247
2025-11-08 20:29:59 INFO: deposit $147.84 into account zs315963 balance forward 1750.81
2025-11-08 20:29:59 INFO: withdraw $82.72 from account xr636065 balance forward 1006.22
2025-11-08 20:29:59 INFO: deposit $470.13 into account dy781687 balance forward 6982.74
2025-11-08 20:29:59 INFO: deposit $782.89 into account mq615277 balance forward 2282.46
2025-11-08 20:29:59 INFO: deposit $721.64 into account bf462984 balance forward 2951.37
2025-11-08 20:29:59 INFO: deposit $874.12 into account eg648839 balance forward 3508.33
2025-11-08 20:29:59 INFO: withdraw $847.81 from account ti645705 balance forward 2206.68
2025-11-08 20:29:59 INFO: withdraw $804.63 from account zs315963 balance forward 946.18
2025-11-08 20:29:59 ERROR nonsufficient funds: withdraw $641.48 from account mf321144
2025-11-08 20:29:59 INFO: withdraw $654.01 from account oh606599 balance forward 7132.92
2025-11-08 20:29:59 INFO: deposit $881.24 into account la812559 balance forward 10723.91
2025-11-08 20:29:59 INFO: withdraw $567.06 from account jp389006 balance forward 5755.28
2025-11-08 20:29:59 INFO: withdraw $118.05 from account dl862878 balance forward 7588.63
2025-11-08 20:29:59 INFO: withdraw $433.88 from account tx224661 balance forward 7347.06
2025-11-08 20:29:59 INFO: deposit $483.88 into account wz127256 balance forward 9841.58
2025-11-08 20:29:59 INFO: deposit $499.36 into account hr676528 balance forward 7238.16
2025-11-08 20:29:59 INFO: withdraw $337.02 from account mh472795 balance forward 2645.10
2025-11-08 20:29:59 INFO: withdraw $851.34 from account ff159137 balance forward 1469.70
2025-11-08 20:29:59 INFO: deposit $380.89 into account kc255358 balance forward 2087.60
2025-11-08 20:29:59 INFO: withdraw $436.89 from account vc755172 balance forward 1904.15
2025-11-08 20:29:59 INFO: withdraw $129.26 from account sa800838 balance forward 8259.00
2025-11-08 20:29:59 INFO: deposit $802.72 into account fa805789 balance forward 10676.05
2025-11-08 20:29:59 INFO: deposit $27.56 into account tj308778 balance forward 6929.60
2025-11-08 20:29:59 INFO: withdraw $181.80 from account ux839899 balance forward 5756.71
2025-11-08 20:29:59 INFO: deposit $760.29 into account lm253103 balance forward 7209.68
2025-11-08 20:29:59 INFO: deposit $535.27 into account hx146890 balance forward 3078.16
2025-11-08 20:29:59 INFO: withdraw $125.43 from account nv531885 balance forward 7085.28
2025-11-08 20:29:59 INFO: withdraw $57.47 from account fa371776 balance forward 1778.71
2025-11-08 20:29:59 INFO: deposit $255.70 into account lx568657 balance forward 884.57
2025-11-08 20:29:59 INFO: deposit $529.93 into account fm153275 balance forward 5920.68
2025-11-08 20:29:59 INFO: withdraw $193.68 from account ye569395 balance forward 6409.44
2025-11-08 20:29:59 INFO: deposit $462.93 into account xu877837 balance forward 1928.25
2025-11-08 20:29:59 INFO: deposit $356.17 into account rh120800 balance forward 1877.66
2025-11-08 20:29:59 INFO: deposit $523.64 into account rw288243 balance forward 5764.16
2025-11-08 20:29:59 INFO: withdraw $733.77 from account hh566009 balance forward 6406.61
2025-11-08 20:29:59 INFO: withdraw $958.49 from account jw598210 balance forward 1822.52
2025-11-08 20:29:59 INFO: deposit $420.65 into account jn161143 balance forward 3125.31
2025-11-08 20:29:59 INFO: deposit $922.32 into account bp505838 balance forward 6643.33
2025-11-08 20:29:59 INFO: withdraw $602.98 from account fg506562 balance forward 7364.73
2025-11-08 20:29:59 INFO: withdraw $742.57 from account xr636065 balance forward 263.65
2025-11-08 20:29:59 INFO: deposit $435.00 into account bt766102 balance forward 2038.38
2025-11-08 20:29:59 INFO: withdraw $721.92 from account aa291559 balance forward 5347.10
2025-11-08 20:29:59 INFO: withdraw $740.90 from account mz114198 balance forward 6052.96
2025-11-08 20:29:59 INFO: deposit $248.58 into account vj545936 balance forward 7342.46
2025-11-08 20:29:59 INFO: withdraw $384.82 from account wz240833 balance forward 7726.18
2025-11-08 20:29:59 INFO: withdraw $584.26 from account ua253120 balance forward 1212.77
2025-11-08 20:29:59 INFO: withdraw $930.87 from account qf241440 balance forward 6998.41
2025-11-08 20:29:59 INFO: deposit $734.04 into account nh529233 balance forward 8136.68
2025-11-08 20:29:59 INFO: deposit $297.43 into account sh856684 balance forward 10317.25
2025-11-08 20:29:59 INFO: withdraw $939.13 from account pr470955 balance forward 6949.66
2025-11-08 20:29:59 INFO: withdraw $69.53 from account vg107077 balance forward 9409.41
2025-11-08 20:29:59 INFO: deposit $88.82 into account rs599476 balance forward 886.18
2025-11-08 20:29:59 INFO: withdraw $644.21 from account fd789053 balance forward 2496.90
2025-11-08 20:29:59 INFO: withdraw $973.18 from account cy231234 balance forward 6883.23
2025-11-08 20:29:59 INFO: withdraw $158.48 from account xu926691 balance forward 2150.73
2025-11-08 20:29:59 INFO: deposit $16.30 into account rp332960 balance forward 1939.24
2025-11-08 20:29:59 INFO: withdraw $179.94 from account jw598210 balance forward 1642.58
2025-11-08 20:29:59 INFO: deposit $228.78 into account bt445644 balance forward 2363.84
2025-11-08 20:29:59 INFO: deposit $740.49 into account bj788933 balance forward 2459.01
2025-11-08 20:29:59 INFO: withdraw $929.22 from account ze572689 balance forward 1651.31
2025-11-08 20:29:59 INFO: deposit $606.56 into account pv484524 balance forward 2660.82
2025-11-08 20:29:59 INFO: deposit $515.84 into account gl868289 balance forward 6544.51
2025-11-08 20:29:59 INFO: deposit $756.72 into account lg759171 balance forward 10168.51
2025-11-08 20:29:59 INFO: deposit $571.94 into account tv868675 balance forward 9383.73
2025-11-08 20:29:59 INFO: withdraw $562.59 from account zz653714 balance forward 1851.96
2025-11-08 20:29:59 INFO: deposit $499.50 into account ja127185 balance forward 7431.88
2025-11-08 20:29:59 INFO: deposit $529.34 into account gv960171 balance forward 5533.07
2025-11-08 20:29:59 INFO: deposit $938.31 into account yc500519 balance forward 3149.08
2025-11-08 20:29:59 INFO: withdraw $943.72 from account te868782 balance forward 6961.19
2025-11-08 20:29:59 INFO: deposit $728.97 into account vq974543 balance forward 6299.73
2025-11-08 20:29:59 INFO: deposit $260.25 into account qz918676 balance forward 1101.70
2025-11-08 20:29:59 INFO: withdraw $925.70 from account cd428747 balance forward 1160.10
2025-11-08 20:29:59 INFO: withdraw $948.06 from account fa371776 balance forward 830.65
2025-11-08 20:29:59 INFO: withdraw $770.91 from account zz885204 balance forward 554.33
2025-11-08 20:29:59 INFO: withdraw $483.88 from account ca696497 balance forward 9196.97
2025-11-08 20:29:59 INFO: withdraw $386.33 from account nv531885 balance forward 6698.95
2025-11-08 20:29:59 INFO: deposit $810.28 into account uj750030 balance forward 9330.36
2025-11-08 20:29:59 INFO: withdraw $764.68 from account bp725700 balance forward 4763.00
2025-11-08 20:29:59 INFO: withdraw $379.73 from account tv924074 balance forward 7615.46
2025-11-08 20:29:59 INFO: withdraw $92.04 from account rp332960 balance forward 1847.20
2025-11-08 20:29:59 INFO: deposit $804.31 into account ct902527 balance forward 2899.76
2025-11-08 20:29:59 INFO: withdraw $646.97 from account xm211009 balance forward 1590.34
2025-11-08 20:29:59 INFO: withdraw $349.33 from account kc255358 balance forward 1738.27
2025-11-08 20:29:59 INFO: deposit $868.05 into account gb505437 balance forward 3581.92
2025-11-08 20:29:59 INFO: deposit $445.48 into account vy365449 balance forward 1561.50
2025-11-08 20:29:59 INFO: deposit $444.97 into account go206094 balance forward 7724.38
2025-11-08 20:29:59 INFO: deposit $356.55 into account ay453697 balance forward 9298.98
2025-11-08 20:29:59 INFO: withdraw $763.15 from account ym890403 balance forward 4223.79
2025-11-08 20:29:59 INFO: withdraw $787.26 from account te868782 balance forward 6173.93
2025-11-08 20:29:59 INFO: withdraw $589.14 from account kz986651 balance forward 499.68
2025-11-08 20:29:59 INFO: withdraw $729.27 from account jw598210 balance forward 913.31
2025-11-08 20:29:59 INFO: withdraw $328.07 from account ps899285 balance forward 6109.89
2025-11-08 20:29:59 INFO: withdraw $383.17 from account hu247682 balance forward 7117.61
2025-11-08 20:29:59 INFO: withdraw $742.85 from account na324874 balance forward 8582.98
2025-11-08 20:29:59 INFO: withdraw $639.02 from account ja127185 balance forward 6792.86
2025-11-08 20:30:00 INFO: withdraw $753.16 from account yh607238 balance forward 6838.57
2025-11-08 20:30:00 INFO: withdraw $373.06 from account ng982918 balance forward 9247.81
2025-11-08 20:30:00 INFO: withdraw $772.92 from account qb235683 balance forward 6327.02
2025-11-08 20:30:00 INFO: withdraw $565.50 from account gk127721 balance forward 1137.95
2025-11-08 20:30:00 INFO: withdraw $577.32 from account wz240833 balance forward 7148.86
2025-11-08 20:30:00 INFO: deposit $685.17 into account pr635585 balance forward 6890.74
2025-11-08 20:30:00 INFO: deposit $448.70 into account gv960171 balance forward 5981.77
2025-11-08 20:30:00 INFO: withdraw $693.65 from account sx393891 balance forward 4330.78
2025-11-08 20:30:00 INFO: deposit $454.55 into account is518519 balance forward 8910.15
2025-11-08 20:30:00 INFO: withdraw $760.34 from account yb115587 balance forward 335.15
2025-11-08 20:30:00 INFO: withdraw $479.42 from account es145199 balance forward 1886.85
2025-11-08 20:30:00 INFO: deposit $258.74 into account wn924632 balance forward 1813.93
2025-11-08 20:30:00 INFO: deposit $253.33 into account pr635585 balance forward 7144.07
2025-11-08 20:30:00 INFO: withdraw $708.42 from account gf121746 balance forward 9241.07
2025-11-08 20:30:00 INFO: withdraw $108.47 from account dl862878 balance forward 7480.16
2025-11-08 20:30:00 INFO: deposit $945.19 into account ta521361 balance forward 1476.72
2025-11-08 20:30:00 INFO: withdraw $762.98 from account jh508581 balance forward 1682.91
2025-11-08 20:30:00 INFO: withdraw $65.64 from account up612655 balance forward 7963.77
2025-11-08 20:30:00 INFO: withdraw $781.98 from account is518519 balance forward 8128.17
2025-11-08 20:30:00 INFO: withdraw $839.07 from account cd428747 balance forward 321.03
2025-11-08 20:30:00 INFO: withdraw $835.71 from account op241131 balance forward 8134.43
2025-11-08 20:30:00 INFO: deposit $379.75 into account ua253120 balance forward 1592.52
2025-11-08 20:30:00 INFO: withdraw $316.36 from account hq774471 balance forward 1514.10
2025-11-08 20:30:00 INFO: withdraw $330.33 from account dy781687 balance forward 6652.41
2025-11-08 20:30:00 INFO: deposit $467.06 into account fc392748 balance forward 8726.48
2025-11-08 20:30:00 INFO: withdraw $133.55 from account bj788933 balance forward 2325.46
2025-11-08 20:30:00 INFO: deposit $542.49 into account ce650119 balance forward 1103.59
2025-11-08 20:30:00 INFO: withdraw $692.02 from account bt766102 balance forward 1346.36
2025-11-08 20:30:00 INFO: deposit $846.96 into account zz653714 balance forward 2698.92
2025-11-08 20:30:00 INFO: withdraw $531.31 from account xr470552 balance forward 841.76
2025-11-08 20:30:00 INFO: withdraw $148.77 from account bt766102 balance forward 1197.59
2025-11-08 20:30:00 INFO: deposit $476.22 into account ie621775 balance forward 3233.12
2025-11-08 20:30:00 INFO: deposit $582.04 into account vy365449 balance forward 2143.54
2025-11-08 20:30:00 INFO: withdraw $778.37 from account qy320156 balance forward 5524.73
2025-11-08 20:30:00 INFO: withdraw $319.66 from account wl434224 balance forward 1160.39
2025-11-08 20:30:00 INFO: withdraw $197.67 from account vx973851 balance forward 1262.72
2025-11-08 20:30:00 INFO: deposit $387.71 into account xr470552 balance forward 1229.47
2025-11-08 20:30:00 INFO: withdraw $319.81 from account gn184256 balance forward 6623.20
2025-11-08 20:30:00 INFO: deposit $12.52 into account le229961 balance forward 1325.42
2025-11-08 20:30:00 INFO: withdraw $949.15 from account xm211009 balance forward 641.19
2025-11-08 20:30:00 INFO: withdraw $185.49 from account rp332960 balance forward 1661.71
2025-11-08 20:30:00 INFO: withdraw $414.77 from account ye569395 balance forward 5994.67
2025-11-08 20:30:00 INFO: deposit $739.93 into account uy811249 balance forward 2567.03
2025-11-08 20:30:00 INFO: withdraw $434.21 from account os576633 balance forward 4261.38
2025-11-08 20:30:00 INFO: deposit $345.18 into account ep730702 balance forward 7962.85
2025-11-08 20:30:00 INFO: withdraw $754.31 from account tc759325 balance forward 4239.78
2025-11-08 20:30:00 INFO: deposit $211.33 into account id676553 balance forward 8697.12
2025-11-08 20:30:00 INFO: withdraw $50.39 from account bq779016 balance forward 5645.38
2025-11-08 20:30:00 INFO: withdraw $699.97 from account nn815052 balance forward 918.82
2025-11-08 20:30:00 INFO: deposit $390.76 into account la951653 balance forward 1627.61
2025-11-08 20:30:00 INFO: withdraw $395.41 from account mz443755 balance forward 1231.43
2025-11-08 20:30:00 INFO: deposit $754.74 into account vc755172 balance forward 2658.89
2025-11-08 20:30:00 INFO: deposit $92.21 into account xy966784 balance forward 1202.48
2025-11-08 20:30:00 INFO: deposit $869.40 into account ym890403 balance forward 5093.19
2025-11-08 20:30:00 INFO: deposit $515.58 into account cy524549 balance forward 9717.95
2025-11-08 20:30:00 INFO: deposit $598.47 into account gf121746 balance forward 9839.54
2025-11-08 20:30:00 INFO: deposit $205.72 into account xx487666 balance forward 2664.27
2025-11-08 20:30:00 INFO: deposit $200.46 into account eh661072 balance forward 1651.27
2025-11-08 20:30:00 INFO: withdraw $156.00 from account rp950054 balance forward 2559.27
2025-11-08 20:30:00 INFO: deposit $243.91 into account oh606599 balance forward 7376.83
2025-11-08 20:30:00 INFO: withdraw $424.65 from account kc255358 balance forward 1313.62
2025-11-08 20:30:00 INFO: withdraw $263.74 from account zx786512 balance forward 7197.08
2025-11-08 20:30:00 INFO: withdraw $198.36 from account mr771695 balance forward 5526.92
2025-11-08 20:30:00 INFO: deposit $157.71 into account hq624473 balance forward 10136.76
2025-11-08 20:30:00 INFO: withdraw $752.38 from account tw668541 balance forward 8005.50
2025-11-08 20:30:00 INFO: deposit $774.43 into account ke228476 balance forward 2563.99
2025-11-08 20:30:00 INFO: deposit $411.50 into account mr771695 balance forward 5938.42
2025-11-08 20:30:00 INFO: withdraw $854.38 from account tq892641 balance forward 655.66
2025-11-08 20:30:00 INFO: withdraw $670.65 from account lr123706 balance forward 5653.67
2025-11-08 20:30:00 INFO: withdraw $334.41 from account zp204191 balance forward 351.57
2025-11-08 20:30:00 INFO: deposit $77.95 into account yl434099 balance forward 2555.79
2025-11-08 20:30:00 INFO: withdraw $485.91 from account tz456552 balance forward 8083.35
2025-11-08 20:30:00 INFO: withdraw $819.14 from account ye945342 balance forward 6330.85
2025-11-08 20:30:00 INFO: withdraw $313.34 from account tw668541 balance forward 7692.16
2025-11-08 20:30:00 INFO: withdraw $591.82 from account cr467080 balance forward 1968.84
2025-11-08 20:30:00 INFO: withdraw $527.15 from account ig501634 balance forward 442.97
2025-11-08 20:30:00 INFO: withdraw $718.81 from account bt445644 balance forward 1645.03
2025-11-08 20:30:00 INFO: withdraw $640.69 from account ti960627 balance forward 98.02
2025-11-08 20:30:00 INFO: deposit $625.50 into account uw197890 balance forward 10273.37
2025-11-08 20:30:00 INFO: deposit $791.69 into account jq446801 balance forward 3685.33
2025-11-08 20:30:00 INFO: deposit $851.78 into account ie247006 balance forward 6328.09
2025-11-08 20:30:00 INFO: withdraw $93.86 from account ti645705 balance forward 2112.82
2025-11-08 20:30:00 INFO: deposit $319.85 into account jw598210 balance forward 1233.16
2025-11-08 20:30:00 INFO: deposit $271.27 into account ie247006 balance forward 6599.36
2025-11-08 20:30:00 INFO: withdraw $867.44 from account sm445325 balance forward 160.20
2025-11-08 20:30:00 INFO: withdraw $881.00 from account ye945342 balance forward 5449.85
2025-11-08 20:30:00 INFO: deposit $373.59 into account sj515928 balance forward 8250.27
2025-11-08 20:30:00 INFO: withdraw $687.75 from account bd385811 balance forward 1801.90
2025-11-08 20:30:00 INFO: deposit $362.08 into account uo356141 balance forward 1825.78
2025-11-08 20:30:00 INFO: withdraw $996.28 from account zc499993 balance forward 5338.60
2025-11-08 20:30:00 INFO: withdraw $619.64 from account is518519 balance forward 7508.53
2025-11-08 20:30:00 INFO: deposit $960.16 into account wn924632 balance forward 2774.09
2025-11-08 20:30:00 INFO: withdraw $141.41 from account ua790606 balance forward 9720.82
2025-11-08 20:30:00 INFO: withdraw $841.80 from account ke228476 balance forward 1722.19
2025-11-08 20:30:00 INFO: withdraw $520.01 from account eg648839 balance forward 2988.32
2025-11-08 20:30:00 INFO: deposit $18.09 into account jn161143 balance forward 3143.40
2025-11-08 20:30:00 INFO: deposit $313.87 into account xo761414 balance forward 7375.72
2025-11-08 20:30:00 INFO: withdraw $189.09 from account uj750030 balance forward 9141.27
2025-11-08 20:30:00 INFO: withdraw $300.58 from account cs482001 balance forward 397.89
2025-11-08 20:30:00 INFO: withdraw $254.33 from account lm253103 balance forward 6955.35
2025-11-08 20:30:00 INFO: deposit $558.20 into account wc948322 balance forward 10056.96
2025-11-08 20:30:00 INFO: withdraw $995.06 from account vf611862 balance forward 4302.49
2025-11-08 20:30:00 INFO: deposit $771.05 into account yl434099 balance forward 3326.84
2025-11-08 20:30:00 INFO: withdraw $913.52 from account sl531914 balance forward 1793.99
2025-11-08 20:30:00 INFO: deposit $879.12 into account yw635717 balance forward 6733.81
2025-11-08 20:30:00 INFO: deposit $608.00 into account ua253120 balance forward 2200.52
2025-11-08 20:30:00 INFO: deposit $960.40 into account xr636065 balance forward 1224.05
2025-11-08 20:30:00 INFO: deposit $860.36 into account qh730367 balance forward 2392.00
2025-11-08 20:30:00 INFO: deposit $149.36 into account nq350637 balance forward 8947.91
2025-11-08 20:30:00 INFO: withdraw $215.38 from account nk969651 balance forward 7568.31
2025-11-08 20:30:00 INFO: deposit $496.23 into account vx973851 balance forward 1758.95
2025-11-08 20:30:00 INFO: withdraw $115.55 from account ux839899 balance forward 5641.16
2025-11-08 20:30:00 INFO: deposit $633.54 into account ca696497 balance forward 9830.51
2025-11-08 20:30:00 INFO: withdraw $847.75 from account vm423150 balance forward 5367.02
2025-11-08 20:30:00 INFO: deposit $640.86 into account es461694 balance forward 2903.33
2025-11-08 20:30:00 INFO: deposit $814.75 into account zx786512 balance forward 8011.83
2025-11-08 20:30:00 INFO: withdraw $184.41 from account ns925478 balance forward 1860.28
2025-11-08 20:30:00 INFO: withdraw $219.57 from account nz748925 balance forward 8019.34
2025-11-08 20:30:00 INFO: deposit $613.59 into account zj947340 balance forward 2827.03
2025-11-08 20:30:00 INFO: deposit $625.20 into account wn924632 balance forward 3399.29
2025-11-08 20:30:00 INFO: deposit $719.66 into account zp204191 balance forward 1071.23
2025-11-08 20:30:00 INFO: withdraw $519.47 from account ot183513 balance forward 9056.94
2025-11-08 20:30:00 INFO: deposit $550.55 into account he669924 balance forward 1060.59
2025-11-08 20:30:00 INFO: withdraw $864.27 from account me524056 balance forward 913.03
2025-11-08 20:30:00 INFO: withdraw $489.66 from account rp332960 balance forward 1172.05
2025-11-08 20:30:00 INFO: withdraw $905.66 from account jq446801 balance forward 2779.67
2025-11-08 20:30:00 INFO: withdraw $478.18 from account vc906780 balance forward 2661.93
2025-11-08 20:30:00 INFO: withdraw $163.93 from account cp885801 balance forward 7443.13
2025-11-08 20:30:00 INFO: deposit $954.59 into account nx509474 balance forward 10291.89
2025-11-08 20:30:00 INFO: withdraw $301.63 from account tf922589 balance forward 141.14
2025-11-08 20:30:00 INFO: deposit $917.53 into account ng636793 balance forward 2357.34
2025-11-08 20:30:00 INFO: deposit $124.79 into account ss597466 balance forward 819.91
2025-11-08 20:30:00 INFO: withdraw $391.99 from account vx973851 balance forward 1366.96
2025-11-08 20:30:00 INFO: withdraw $827.35 from account vy250358 balance forward 2109.17
2025-11-08 20:30:00 INFO: deposit $695.22 into account sm445325 balance forward 855.42
2025-11-08 20:30:00 INFO: deposit $716.48 into account gx323914 balance forward 1432.51
2025-11-08 20:30:00 INFO: withdraw $969.03 from account qq260786 balance forward 5404.40
2025-11-08 20:30:00 INFO: withdraw $662.88 from account jn161143 balance forward 2480.52
2025-11-08 20:30:00 INFO: deposit $850.08 into account ww688503 balance forward 1802.83
2025-11-08 20:30:00 INFO: deposit $709.37 into account yd265815 balance forward 2860.50
2025-11-08 20:30:00 INFO: withdraw $278.44 from account sl488233 balance forward 1576.50
2025-11-08 20:30:00 INFO: deposit $933.05 into account tx224661 balance forward 8280.11
2025-11-08 20:30:00 INFO: withdraw $155.51 from account mp759295 balance forward 5889.15
2025-11-08 20:30:00 INFO: withdraw $648.95 from account kw843649 balance forward 4544.41
2025-11-08 20:30:00 INFO: withdraw $83.99 from account sj515928 balance forward 8166.28
2025-11-08 20:30:00 INFO: withdraw $441.70 from account vj545936 balance forward 6900.76
2025-11-08 20:30:00 INFO: deposit $638.11 into account wl823738 balance forward 10498.74
2025-11-08 20:30:00 INFO: deposit $756.18 into account ex545168 balance forward 7670.96
2025-11-08 20:30:00 INFO: withdraw $459.14 from account sm937395 balance forward 1264.27
2025-11-08 20:30:00 INFO: withdraw $651.43 from account hj713772 balance forward 2201.23
2025-11-08 20:30:00 INFO: deposit $347.80 into account xr636065 balance forward 1571.85
2025-11-08 20:30:00 INFO: deposit $800.31 into account ff249308 balance forward 2958.24
2025-11-08 20:30:00 INFO: withdraw $685.34 from account aa291559 balance forward 4661.76
2025-11-08 20:30:00 ERROR nonsufficient funds: withdraw $804.81 from account ya677058
2025-11-08 20:30:00 INFO: deposit $714.39 into account eo354253 balance forward 2407.38
2025-11-08 20:30:00 INFO: deposit $891.87 into account om825555 balance forward 2956.74
2025-11-08 20:30:00 INFO: withdraw $628.29 from account sj758281 balance forward 6787.99
2025-11-08 20:30:00 INFO: deposit $840.72 into account vx482996 balance forward 2907.68
2025-11-08 20:30:00 INFO: deposit $362.73 into account zo598023 balance forward 5775.73
2025-11-08 20:30:00 INFO: withdraw $809.48 from account yh791790 balance forward 4873.75
2025-11-08 20:30:00 INFO: withdraw $443.87 from account up835531 balance forward 8478.65
2025-11-08 20:30:00 INFO: deposit $192.01 into account zp204191 balance forward 1263.24
2025-11-08 20:30:00 INFO: withdraw $691.60 from account dl862878 balance forward 6788.56
2025-11-08 20:30:00 INFO: withdraw $460.47 from account vy250358 balance forward 1648.70
2025-11-08 20:30:00 INFO: withdraw $955.89 from account nk519785 balance forward 1812.11
2025-11-08 20:30:00 INFO: deposit $36.14 into account mb318341 balance forward 2799.88
2025-11-08 20:30:00 INFO: withdraw $675.49 from account ka205102 balance forward 733.50
2025-11-08 20:30:00 INFO: deposit $387.05 into account sw222292 balance forward 6686.53
2025-11-08 20:30:00 INFO: deposit $888.36 into account yf506972 balance forward 7981.79
2025-11-08 20:30:00 INFO: withdraw $152.84 from account ip228387 balance forward 9817.01
2025-11-08 20:30:00 INFO: withdraw $357.70 from account ua232082 balance forward 6931.73
2025-11-08 20:30:00 INFO: withdraw $656.08 from account kw843649 balance forward 3888.33
2025-11-08 20:30:00 INFO: deposit $942.44 into account lb717748 balance forward 9879.96
2025-11-08 20:30:00 INFO: deposit $438.60 into account ao886047 balance forward 6879.67
2025-11-08 20:30:00 INFO: deposit $202.65 into account ta521361 balance forward 1679.37
2025-11-08 20:30:00 INFO: deposit $426.45 into account yl434099 balance forward 3753.29
2025-11-08 20:30:00 INFO: deposit $524.44 into account lb717748 balance forward 10404.40
2025-11-08 20:30:00 INFO: deposit $927.02 into account hh566009 balance forward 7333.63
2025-11-08 20:30:00 INFO: withdraw $530.34 from account gg760394 balance forward 2312.48
2025-11-08 20:30:00 INFO: deposit $872.04 into account zj335065 balance forward 7242.73
2025-11-08 20:30:00 INFO: withdraw $177.77 from account nr462828 balance forward 5966.10
2025-11-08 20:30:00 INFO: deposit $807.81 into account vl546169 balance forward 2512.19
2025-11-08 20:30:00 INFO: deposit $850.92 into account jj732263 balance forward 7763.03
2025-11-08 20:30:00 INFO: withdraw $610.96 from account th941945 balance forward 489.46
2025-11-08 20:30:00 INFO: withdraw $147.51 from account nh529233 balance forward 7989.17
2025-11-08 20:30:00 INFO: withdraw $396.49 from account ig525784 balance forward 5684.04
2025-11-08 20:30:00 INFO: withdraw $657.35 from account wi395548 balance forward 268.50
2025-11-08 20:30:00 INFO: withdraw $983.48 from account zj702604 balance forward 1390.42
2025-11-08 20:30:00 INFO: deposit $244.90 into account zp204191 balance forward 1508.14
2025-11-08 20:30:00 INFO: deposit $547.65 into account nq350637 balance forward 9495.56
2025-11-08 20:30:00 INFO: withdraw $970.10 from account hn863963 balance forward 5492.86
2025-11-08 20:30:00 INFO: deposit $945.56 into account sd208701 balance forward 2649.08
2025-11-08 20:30:00 INFO: withdraw $764.18 from account ta483500 balance forward 4589.62
2025-11-08 20:30:00 INFO: deposit $588.03 into account ex545168 balance forward 8258.99
2025-11-08 20:30:00 INFO: withdraw $185.81 from account ux833041 balance forward 8291.58
2025-11-08 20:30:00 INFO: deposit $973.44 into account fd789053 balance forward 3470.34
2025-11-08 20:30:00 INFO: withdraw $234.08 from account ms323255 balance forward 1408.98
2025-11-08 20:30:00 INFO: deposit $972.31 into account ie621775 balance forward 4205.43
2025-11-08 20:30:00 INFO: deposit $757.77 into account st788769 balance forward 1544.58
2025-11-08 20:30:00 INFO: withdraw $354.23 from account md866677 balance forward 8642.47
2025-11-08 20:30:00 INFO: deposit $563.02 into account se184312 balance forward 6105.25
2025-11-08 20:30:00 INFO: deposit $924.88 into account dc766094 balance forward 1815.69
2025-11-08 20:30:00 INFO: withdraw $680.48 from account se184312 balance forward 5424.77
2025-11-08 20:30:00 INFO: withdraw $815.27 from account eh661072 balance forward 836.00
2025-11-08 20:30:00 INFO: withdraw $119.77 from account qg585871 balance forward 7356.40
2025-11-08 20:30:00 INFO: withdraw $817.08 from account mz565781 balance forward 9219.73
2025-11-08 20:30:00 INFO: deposit $556.43 into account zp204191 balance forward 2064.57
2025-11-08 20:30:00 INFO: withdraw $740.81 from account id676553 balance forward 7956.31
2025-11-08 20:30:00 INFO: deposit $830.66 into account nq350637 balance forward 10326.22
2025-11-08 20:30:00 INFO: withdraw $870.80 from account xo761414 balance forward 6504.92
2025-11-08 20:30:00 INFO: deposit $935.54 into account ip228387 balance forward 10752.55
2025-11-08 20:30:00 INFO: deposit $286.84 into account tc759325 balance forward 4526.62
2025-11-08 20:30:00 INFO: deposit $63.44 into account nz748925 balance forward 8082.78
2025-11-08 20:30:00 INFO: withdraw $556.30 from account qz941967 balance forward 2172.53
2025-11-08 20:30:00 ERROR nonsufficient funds: withdraw $967.96 from account iz472983
2025-11-08 20:30:00 INFO: deposit $891.00 into account kz986651 balance forward 1390.68
2025-11-08 20:30:00 INFO: deposit $491.64 into account ia669926 balance forward 1010.84
2025-11-08 20:30:00 INFO: deposit $11.65 into account ff201779 balance forward 8214.66
2025-11-08 20:30:00 INFO: withdraw $337.68 from account ua253120 balance forward 1862.84
2025-11-08 20:30:00 INFO: withdraw $74.61 from account tv868675 balance forward 9309.12
2025-11-08 20:30:00 INFO: withdraw $871.27 from account sd208701 balance forward 1777.81
2025-11-08 20:30:00 INFO: withdraw $584.06 from account rh120800 balance forward 1293.60
2025-11-08 20:30:00 INFO: deposit $542.11 into account tx224661 balance forward 8822.22
2025-11-08 20:30:00 INFO: withdraw $710.39 from account ss597466 balance forward 109.52
2025-11-08 20:30:00 INFO: withdraw $932.62 from account vx482996 balance forward 1975.06
2025-11-08 20:30:00 INFO: deposit $70.01 into account jf380789 balance forward 5592.19
2025-11-08 20:30:00 INFO: deposit $466.56 into account ux833041 balance forward 8758.14
2025-11-08 20:30:00 INFO: deposit $14.36 into account qe888814 balance forward 8137.70
2025-11-08 20:30:00 INFO: withdraw $671.83 from account nz290989 balance forward 1158.26
2025-11-08 20:30:00 INFO: withdraw $574.19 from account fd789053 balance forward 2896.15
2025-11-08 20:30:00 INFO: withdraw $188.89 from account yn915358 balance forward 845.92
2025-11-08 20:30:00 INFO: deposit $598.49 into account ta521361 balance forward 2277.86
2025-11-08 20:30:00 INFO: withdraw $395.27 from account wj870246 balance forward 1906.32
2025-11-08 20:30:00 INFO: withdraw $64.12 from account jw245662 balance forward 815.40
2025-11-08 20:30:00 INFO: deposit $714.49 into account ua253120 balance forward 2577.33
2025-11-08 20:30:00 INFO: withdraw $402.57 from account ub443160 balance forward 7447.35
2025-11-08 20:30:00 INFO: deposit $390.32 into account ta521361 balance forward 2668.18
2025-11-08 20:30:00 INFO: deposit $169.78 into account vy365449 balance forward 2313.32
2025-11-08 20:30:00 INFO: deposit $671.70 into account vq974543 balance forward 6971.43
2025-11-08 20:30:00 INFO: withdraw $934.62 from account ke228476 balance forward 787.57
2025-11-08 20:30:00 INFO: deposit $421.42 into account zj992833 balance forward 7013.37
2025-11-08 20:30:00 INFO: deposit $435.74 into account ua232082 balance forward 7367.47
2025-11-08 20:30:00 INFO: withdraw $170.69 from account sz220995 balance forward 6961.76
2025-11-08 20:30:00 INFO: withdraw $247.41 from account ig963906 balance forward 2588.15
2025-11-08 20:30:00 INFO: deposit $495.84 into account zj702604 balance forward 1886.26
2025-11-08 20:30:00 INFO: withdraw $890.17 from account bq779016 balance forward 4755.21
2025-11-08 20:30:00 INFO: withdraw $475.49 from account df142313 balance forward 8922.54
2025-11-08 20:30:00 INFO: withdraw $764.07 from account ua253120 balance forward 1813.26
2025-11-08 20:30:00 INFO: withdraw $633.72 from account kc255358 balance forward 679.90
2025-11-08 20:30:00 INFO: deposit $33.70 into account vm423150 balance forward 5400.72
2025-11-08 20:30:00 INFO: withdraw $368.60 from account zf700740 balance forward 2150.74
2025-11-08 20:30:00 INFO: deposit $407.10 into account ff249308 balance forward 3365.34
2025-11-08 20:30:00 INFO: deposit $783.89 into account yf506972 balance forward 8765.68
2025-11-08 20:30:00 INFO: withdraw $344.01 from account ub443160 balance forward 7103.34
2025-11-08 20:30:00 INFO: withdraw $67.92 from account ev520081 balance forward 9199.55
2025-11-08 20:30:00 INFO: withdraw $906.81 from account jf380789 balance forward 4685.38
2025-11-08 20:30:00 INFO: deposit $189.35 into account os576633 balance forward 4450.73
2025-11-08 20:30:00 INFO: withdraw $300.33 from account ri770088 balance forward 291.98
2025-11-08 20:30:00 INFO: deposit $270.99 into account ay453697 balance forward 9569.97
2025-11-08 20:30:00 INFO: deposit $904.69 into account zj335065 balance forward 8147.42
2025-11-08 20:30:00 INFO: withdraw $263.45 from account zc499993 balance forward 5075.15
2025-11-08 20:30:00 INFO: withdraw $348.23 from account ub443160 balance forward 6755.11
2025-11-08 20:30:00 INFO: deposit $155.43 into account ja127185 balance forward 6948.29
2025-11-08 20:30:00 INFO: deposit $121.11 into account ny396235 balance forward 2638.50
2025-11-08 20:30:00 INFO: deposit $424.67 into account hm817869 balance forward 8933.80
2025-11-08 20:30:00 INFO: withdraw $558.41 from account jf380789 balance forward 4126.97
2025-11-08 20:30:00 INFO: deposit $94.92 into account sh856684 balance forward 10412.17
2025-11-08 20:30:00 INFO: deposit $714.86 into account hh566009 balance forward 8048.49
2025-11-08 20:30:00 INFO: deposit $566.92 into account zx114329 balance forward 2916.39
2025-11-08 20:30:00 INFO: withdraw $275.51 from account he669924 balance forward 785.08
2025-11-08 20:30:00 INFO: withdraw $692.74 from account yw635717 balance forward 6041.07
2025-11-08 20:30:00 INFO: deposit $333.21 into account nh529233 balance forward 8322.38
2025-11-08 20:30:00 INFO: deposit $895.65 into account mp759295 balance forward 6784.80
2025-11-08 20:30:00 INFO: withdraw $98.58 from account qb235683 balance forward 6228.44
2025-11-08 20:30:00 INFO: deposit $803.82 into account wj870246 balance forward 2710.14
2025-11-08 20:30:00 INFO: withdraw $196.06 from account ye945342 balance forward 5253.79
2025-11-08 20:30:00 INFO: withdraw $492.92 from account gl868289 balance forward 6051.59
2025-11-08 20:30:00 INFO: deposit $49.20 into account gn184256 balance forward 6672.40
2025-11-08 20:30:00 INFO: withdraw $879.96 from account yw635717 balance forward 5161.11
2025-11-08 20:30:00 INFO: deposit $747.83 into account ym890403 balance forward 5841.02
2025-11-08 20:30:00 INFO: withdraw $554.77 from account rw288243 balance forward 5209.39
2025-11-08 20:30:00 INFO: withdraw $227.34 from account kw843649 balance forward 3660.99
2025-11-08 20:30:00 INFO: withdraw $374.91 from account nr462828 balance forward 5591.19
2025-11-08 20:30:00 INFO: deposit $500.55 into account ua790606 balance forward 10221.37
2025-11-08 20:30:00 INFO: deposit $263.60 into account fd789053 balance forward 3159.75
2025-11-08 20:30:00 INFO: deposit $807.26 into account wc703257 balance forward 7605.24
2025-11-08 20:30:00 ERROR nonsufficient funds: withdraw $934.70 from account nn815052
2025-11-08 20:30:00 INFO: withdraw $924.54 from account lf877239 balance forward 4603.78
2025-11-08 20:30:00 INFO: withdraw $701.48 from account tw668541 balance forward 6990.68
2025-11-08 20:30:00 INFO: withdraw $412.78 from account kv697704 balance forward 4075.88
2025-11-08 20:30:00 INFO: deposit $837.94 into account gn184256 balance forward 7510.34
2025-11-08 20:30:00 INFO: withdraw $475.79 from account ye945342 balance forward 4778.00
2025-11-08 20:30:00 INFO: withdraw $117.58 from account vi430538 balance forward 7457.49
2025-11-08 20:30:00 INFO: withdraw $740.04 from account ir605298 balance forward 1999.80
2025-11-08 20:30:00 INFO: deposit $81.50 into account as898560 balance forward 7633.50
2025-11-08 20:30:00 INFO: withdraw $774.84 from account cd509390 balance forward 2032.21
2025-11-08 20:30:00 INFO: deposit $284.58 into account vy250358 balance forward 1933.28
2025-11-08 20:30:00 INFO: deposit $95.15 into account aa291559 balance forward 4756.91
2025-11-08 20:30:00 INFO: withdraw $732.96 from account ff201779 balance forward 7481.70
2025-11-08 20:30:00 INFO: withdraw $885.75 from account ef883787 balance forward 5775.91
2025-11-08 20:30:00 INFO: deposit $746.58 into account ys570572 balance forward 3387.56
2025-11-08 20:30:00 INFO: withdraw $870.73 from account hx146890 balance forward 2207.43
2025-11-08 20:30:00 ERROR nonsufficient funds: withdraw $262.43 from account ti960627
2025-11-08 20:30:00 INFO: withdraw $529.57 from account es461694 balance forward 2373.76
2025-11-08 20:30:00 INFO: withdraw $101.52 from account jj732263 balance forward 7661.51
2025-11-08 20:30:00 INFO: withdraw $500.02 from account pz322999 balance forward 1624.89
2025-11-08 20:30:00 INFO: deposit $649.08 into account zd994406 balance forward 7685.39
2025-11-08 20:30:00 INFO: withdraw $929.05 from account mm139416 balance forward 209.96
2025-11-08 20:30:00 INFO: deposit $558.75 into account wl434224 balance forward 1719.14
2025-11-08 20:30:00 INFO: withdraw $594.26 from account qg585871 balance forward 6762.14
2025-11-08 20:30:00 INFO: deposit $569.35 into account sl488233 balance forward 2145.85
2025-11-08 20:30:00 INFO: deposit $502.39 into account uw197890 balance forward 10775.76
2025-11-08 20:30:00 INFO: withdraw $176.84 from account wz240833 balance forward 6972.02
2025-11-08 20:30:00 INFO: deposit $821.06 into account po211385 balance forward 8074.19
2025-11-08 20:30:00 INFO: withdraw $803.73 from account vm423150 balance forward 4596.99
2025-11-08 20:30:00 INFO: withdraw $740.47 from account qy320156 balance forward 4784.26
2025-11-08 20:30:00 INFO: withdraw $496.56 from account jz385253 balance forward 983.20
2025-11-08 20:30:00 INFO: withdraw $482.97 from account tv868675 balance forward 8826.15
2025-11-08 20:30:00 INFO: deposit $364.30 into account sg814182 balance forward 1005.14
2025-11-08 20:30:00 INFO: withdraw $254.96 from account zp204191 balance forward 1809.61
2025-11-08 20:30:00 INFO: deposit $46.02 into account im267640 balance forward 1836.19
2025-11-08 20:30:00 INFO: deposit $484.16 into account io692485 balance forward 2982.09
2025-11-08 20:30:00 INFO: withdraw $985.76 from account ob430224 balance forward 1342.46
2025-11-08 20:30:00 INFO: deposit $236.84 into account sm445325 balance forward 1092.26
2025-11-08 20:30:00 INFO: withdraw $492.46 from account vc906780 balance forward 2169.47
2025-11-08 20:30:00 INFO: withdraw $149.47 from account ff249308 balance forward 3215.87
2025-11-08 20:30:00 INFO: deposit $358.46 into account ye945342 balance forward 5136.46
2025-11-08 20:30:00 INFO: deposit $992.55 into account mf321144 balance forward 1437.91
2025-11-08 20:30:00 INFO: deposit $557.32 into account sa800838 balance forward 8816.32
2025-11-08 20:30:00 INFO: deposit $407.09 into account xx487666 balance forward 3071.36
2025-11-08 20:30:00 INFO: deposit $238.41 into account as898560 balance forward 7871.91
2025-11-08 20:30:00 INFO: withdraw $822.84 from account cl855857 balance forward 932.92
2025-11-08 20:30:00 INFO: deposit $16.49 into account ig525784 balance forward 5700.53
2025-11-08 20:30:00 INFO: withdraw $704.72 from account fg506562 balance forward 6660.01
2025-11-08 20:30:00 INFO: withdraw $745.94 from account ff159137 balance forward 723.76
2025-11-08 20:30:00 INFO: deposit $809.65 into account jw598210 balance forward 2042.81
2025-11-08 20:30:00 INFO: deposit $917.17 into account ww688503 balance forward 2720.00
2025-11-08 20:30:00 INFO: deposit $959.47 into account zf700740 balance forward 3110.21
2025-11-08 20:30:00 INFO: withdraw $733.33 from account pc432548 balance forward 5723.16
2025-11-08 20:30:00 INFO: withdraw $103.95 from account yc500519 balance forward 3045.13
2025-11-08 20:30:00 INFO: withdraw $835.62 from account xx487666 balance forward 2235.74
2025-11-08 20:30:00 INFO: deposit $652.79 into account gg760394 balance forward 2965.27
2025-11-08 20:30:00 INFO: withdraw $72.48 from account sp966551 balance forward 9251.79
2025-11-08 20:30:00 INFO: deposit $926.31 into account mi131700 balance forward 8187.15
2025-11-08 20:30:00 INFO: deposit $945.67 into account qb235683 balance forward 7174.11
2025-11-08 20:30:00 INFO: withdraw $701.17 from account zj992833 balance forward 6312.20
2025-11-08 20:30:00 INFO: withdraw $51.55 from account iv613624 balance forward 6995.20
2025-11-08 20:30:00 INFO: deposit $574.96 into account in393824 balance forward 10364.43
2025-11-08 20:30:00 INFO: deposit $700.84 into account tr105717 balance forward 6960.68
2025-11-08 20:30:00 INFO: deposit $373.03 into account lr123706 balance forward 6026.70
2025-11-08 20:30:00 INFO: deposit $596.88 into account zd994406 balance forward 8282.27
2025-11-08 20:30:00 INFO: withdraw $319.72 from account po211385 balance forward 7754.47
2025-11-08 20:30:00 INFO: withdraw $64.96 from account wl434224 balance forward 1654.18
2025-11-08 20:30:00 INFO: deposit $181.62 into account up612655 balance forward 8145.39
2025-11-08 20:30:00 INFO: deposit $118.75 into account vi430538 balance forward 7576.24
2025-11-08 20:30:00 INFO: deposit $699.29 into account bt293182 balance forward 1732.74
2025-11-08 20:30:00 INFO: withdraw $976.48 from account oe615189 balance forward 4936.58
2025-11-08 20:30:00 INFO: deposit $703.65 into account hh566009 balance forward 8752.14
2025-11-08 20:30:00 INFO: deposit $422.29 into account ms323255 balance forward 1831.27
2025-11-08 20:30:00 INFO: deposit $326.88 into account hu872967 balance forward 2574.69
2025-11-08 20:30:00 INFO: withdraw $973.84 from account tx224661 balance forward 7848.38
2025-11-08 20:30:00 INFO: withdraw $55.69 from account uj417690 balance forward 1682.43
2025-11-08 20:30:00 INFO: withdraw $650.70 from account bt445644 balance forward 994.33
2025-11-08 20:30:00 INFO: deposit $808.71 into account tx224661 balance forward 8657.09
2025-11-08 20:30:00 INFO: withdraw $386.87 from account sg223394 balance forward 8391.97
2025-11-08 20:30:00 INFO: withdraw $714.89 from account sq741404 balance forward 6622.74
2025-11-08 20:30:00 INFO: deposit $562.86 into account xk663502 balance forward 7891.59
2025-11-08 20:30:00 INFO: deposit $351.34 into account xu926691 balance forward 2502.07
2025-11-08 20:30:00 INFO: deposit $354.28 into account sj515928 balance forward 8520.56
2025-11-08 20:30:00 INFO: deposit $85.60 into account qo618461 balance forward 6362.23
2025-11-08 20:30:00 INFO: withdraw $358.49 from account fv958839 balance forward 9132.18
2025-11-08 20:30:00 INFO: deposit $113.95 into account rt476393 balance forward 2115.75
2025-11-08 20:30:00 INFO: deposit $419.52 into account yl434099 balance forward 4172.81
2025-11-08 20:30:00 INFO: withdraw $648.64 from account mq615277 balance forward 1633.82
2025-11-08 20:30:00 INFO: deposit $395.56 into account ay738242 balance forward 2649.45
2025-11-08 20:30:00 INFO: withdraw $680.92 from account zp204191 balance forward 1128.69
2025-11-08 20:30:00 ERROR nonsufficient funds: withdraw $591.81 from account ri770088
2025-11-08 20:30:00 INFO: deposit $75.77 into account lp657369 balance forward 588.81
2025-11-08 20:30:00 INFO: deposit $681.32 into account zo598023 balance forward 6457.05
2025-11-08 20:30:00 INFO: deposit $101.13 into account ss597466 balance forward 210.65
2025-11-08 20:30:00 INFO: withdraw $260.56 from account ef883787 balance forward 5515.35
2025-11-08 20:30:00 INFO: withdraw $708.08 from account uj585741 balance forward 2148.68
2025-11-08 20:30:00 INFO: deposit $932.48 into account bp505838 balance forward 7575.81
2025-11-08 20:30:00 INFO: withdraw $422.71 from account bt445644 balance forward 571.62
2025-11-08 20:30:00 INFO: withdraw $211.58 from account uy777243 balance forward 1394.95
2025-11-08 20:30:00 INFO: withdraw $209.87 from account mr771695 balance forward 5728.55
2025-11-08 20:30:00 INFO: withdraw $987.42 from account xk663502 balance forward 6904.17
2025-11-08 20:30:00 INFO: deposit $337.36 into account qb957218 balance forward 1327.46
2025-11-08 20:30:00 INFO: deposit $519.33 into account dy781687 balance forward 7171.74
2025-11-08 20:30:00 INFO: withdraw $477.84 from account te868782 balance forward 5696.09
2025-11-08 20:30:00 INFO: deposit $853.01 into account fa371776 balance forward 1683.66
2025-11-08 20:30:00 INFO: withdraw $332.62 from account vy250358 balance forward 1600.66
2025-11-08 20:30:00 INFO: deposit $360.54 into account lb717748 balance forward 10764.94
2025-11-08 20:30:00 INFO: deposit $356.29 into account lz888969 balance forward 1977.15
2025-11-08 20:30:00 INFO: deposit $863.95 into account uo666252 balance forward 9201.73
2025-11-08 20:30:00 INFO: withdraw $741.86 from account uf344501 balance forward 1200.53
2025-11-08 20:30:00 INFO: deposit $694.34 into account sl488233 balance forward 2840.19
2025-11-08 20:30:00 INFO: deposit $35.26 into account bt445644 balance forward 606.88
2025-11-08 20:30:00 INFO: deposit $543.41 into account id676553 balance forward 8499.72
2025-11-08 20:30:00 INFO: withdraw $124.30 from account hx146890 balance forward 2083.13
2025-11-08 20:30:00 INFO: deposit $725.32 into account op241131 balance forward 8859.75
2025-11-08 20:30:00 INFO: withdraw $613.40 from account qb957218 balance forward 714.06
2025-11-08 20:30:00 INFO: deposit $828.16 into account rw288243 balance forward 6037.55
2025-11-08 20:30:00 INFO: withdraw $358.03 from account oe615189 balance forward 4578.55
2025-11-08 20:30:00 INFO: withdraw $214.79 from account io692485 balance forward 2767.30
2025-11-08 20:30:00 INFO: deposit $593.58 into account la951653 balance forward 2221.19
2025-11-08 20:30:00 INFO: withdraw $446.74 from account ev520081 balance forward 8752.81
2025-11-08 20:30:00 INFO: withdraw $221.61 from account yf506972 balance forward 8544.07
2025-11-08 20:30:00 INFO: deposit $328.04 into account hw819360 balance forward 1796.00
2025-11-08 20:30:00 INFO: deposit $570.66 into account lb717748 balance forward 11335.60
2025-11-08 20:30:00 INFO: withdraw $594.79 from account kv144704 balance forward 211.63
2025-11-08 20:30:00 INFO: deposit $485.77 into account zc499993 balance forward 5560.92
2025-11-08 20:30:00 INFO: withdraw $511.08 from account hq774471 balance forward 1003.02
2025-11-08 20:30:00 INFO: deposit $526.19 into account gl868289 balance forward 6577.78
2025-11-08 20:30:00 INFO: deposit $116.58 into account gb505437 balance forward 3698.50
2025-11-08 20:30:00 INFO: withdraw $652.62 from account cz965808 balance forward 6252.98
2025-11-08 20:30:00 INFO: withdraw $699.94 from account lb717748 balance forward 10635.66
2025-11-08 20:30:00 INFO: deposit $137.17 into account xv821681 balance forward 9389.12
2025-11-08 20:30:00 INFO: withdraw $768.26 from account ny418398 balance forward 7470.40
2025-11-08 20:30:00 INFO: deposit $452.29 into account gb505437 balance forward 4150.79
2025-11-08 20:30:00 INFO: withdraw $774.78 from account ir605298 balance forward 1225.02
2025-11-08 20:30:00 INFO: withdraw $888.88 from account te868782 balance forward 4807.21
2025-11-08 20:30:00 INFO: deposit $329.97 into account ca696497 balance forward 10160.48
2025-11-08 20:30:00 INFO: deposit $414.67 into account xu877837 balance forward 2342.92
2025-11-08 20:30:00 INFO: deposit $19.61 into account ie621775 balance forward 4225.04
2025-11-08 20:30:00 INFO: withdraw $914.13 from account ms323255 balance forward 917.14
2025-11-08 20:30:00 INFO: withdraw $673.78 from account nh869874 balance forward 7305.81
2025-11-08 20:30:00 INFO: deposit $501.76 into account mw541310 balance forward 2666.94
2025-11-08 20:30:00 INFO: deposit $285.99 into account uy811249 balance forward 2853.02
2025-11-08 20:30:00 INFO: deposit $532.21 into account xr636065 balance forward 2104.06
2025-11-08 20:30:00 INFO: withdraw $466.86 from account rs599476 balance forward 419.32
2025-11-08 20:30:00 INFO: deposit $479.12 into account sd208701 balance forward 2256.93
2025-11-08 20:30:00 INFO: withdraw $178.07 from account rs599476 balance forward 241.25
2025-11-08 20:30:00 INFO: deposit $963.48 into account tr105717 balance forward 7924.16
2025-11-08 20:30:00 INFO: withdraw $934.98 from account bd385811 balance forward 866.92
2025-11-08 20:30:00 INFO: withdraw $259.14 from account mb318341 balance forward 2540.74
2025-11-08 20:30:00 INFO: withdraw $981.87 from account xy966784 balance forward 220.61
2025-11-08 20:30:00 INFO: withdraw $277.89 from account am798528 balance forward 9483.51
2025-11-08 20:30:00 INFO: deposit $480.92 into account bt293182 balance forward 2213.66
2025-11-08 20:30:00 INFO: deposit $93.54 into account if132802 balance forward 8923.17
2025-11-08 20:30:00 INFO: withdraw $545.68 from account zc499993 balance forward 5015.24
2025-11-08 20:30:00 INFO: withdraw $183.37 from account vq974543 balance forward 6788.06
2025-11-08 20:30:00 INFO: deposit $702.58 into account iz472983 balance forward 1664.79
2025-11-08 20:30:00 INFO: deposit $98.83 into account dl862878 balance forward 6887.39
2025-11-08 20:30:00 INFO: withdraw $987.17 from account yh791790 balance forward 3886.58
2025-11-08 20:30:00 INFO: withdraw $802.95 from account lz888969 balance forward 1174.20
2025-11-08 20:30:00 INFO: deposit $871.34 into account nk434614 balance forward 1676.88
2025-11-08 20:30:00 INFO: withdraw $811.08 from account ta521361 balance forward 1857.10
2025-11-08 20:30:00 INFO: withdraw $104.17 from account mw852894 balance forward 8869.18
2025-11-08 20:30:00 INFO: withdraw $434.30 from account yg107456 balance forward 722.82
2025-11-08 20:30:00 INFO: withdraw $637.19 from account sa800838 balance forward 8179.13
2025-11-08 20:30:00 INFO: deposit $131.82 into account bf462984 balance forward 3083.19
2025-11-08 20:30:00 INFO: withdraw $472.34 from account jd899656 balance forward 237.03
2025-11-08 20:30:00 INFO: deposit $692.85 into account df142313 balance forward 9615.39
2025-11-08 20:30:00 INFO: deposit $774.05 into account lf877239 balance forward 5377.83
2025-11-08 20:30:00 INFO: withdraw $441.11 from account ht797058 balance forward 395.94
2025-11-08 20:30:00 INFO: withdraw $120.87 from account mw541310 balance forward 2546.07
2025-11-08 20:30:00 INFO: deposit $769.89 into account gx323914 balance forward 2202.40
2025-11-08 20:30:00 INFO: deposit $253.74 into account oj677786 balance forward 6564.73
2025-11-08 20:30:00 INFO: deposit $316.47 into account zz653714 balance forward 3015.39
2025-11-08 20:30:00 INFO: deposit $195.44 into account ua253120 balance forward 2008.70
2025-11-08 20:30:00 INFO: deposit $676.90 into account hu247682 balance forward 7794.51
2025-11-08 20:30:00 INFO: deposit $792.99 into account xm211009 balance forward 1434.18
2025-11-08 20:30:00 INFO: withdraw $257.79 from account st788769 balance forward 1286.79
2025-11-08 20:30:00 INFO: withdraw $679.32 from account yn915358 balance forward 166.60
2025-11-08 20:30:00 INFO: deposit $913.78 into account lx568657 balance forward 1798.35
2025-11-08 20:30:00 INFO: deposit $927.15 into account yh607238 balance forward 7765.72
2025-11-08 20:30:00 INFO: withdraw $508.34 from account jz385253 balance forward 474.86
2025-11-08 20:30:00 INFO: deposit $133.64 into account uj417690 balance forward 1816.07
2025-11-08 20:30:00 ERROR nonsufficient funds: withdraw $780.60 from account kc255358
2025-11-08 20:30:00 INFO: deposit $69.18 into account tx224661 balance forward 8726.27
2025-11-08 20:30:00 INFO: withdraw $169.61 from account cd509390 balance forward 1862.60
2025-11-08 20:30:00 INFO: deposit $987.06 into account pw670207 balance forward 8228.96
2025-11-08 20:30:00 INFO: deposit $847.52 into account vx482996 balance forward 2822.58
2025-11-08 20:30:00 INFO: deposit $637.16 into account ti645705 balance forward 2749.98
2025-11-08 20:30:00 INFO: withdraw $505.93 from account oh223982 balance forward 7112.63
2025-11-08 20:30:00 INFO: deposit $412.71 into account nh285295 balance forward 1609.99
2025-11-08 20:30:00 INFO: deposit $755.37 into account xx487666 balance forward 2991.11
2025-11-08 20:30:00 INFO: deposit $217.81 into account oh606599 balance forward 7594.64
2025-11-08 20:30:00 INFO: deposit $574.20 into account qo618461 balance forward 6936.43
2025-11-08 20:30:00 INFO: withdraw $124.78 from account pd784404 balance forward 585.23
2025-11-08 20:30:00 INFO: withdraw $150.06 from account cz965808 balance forward 6102.92
2025-11-08 20:30:00 INFO: withdraw $748.96 from account hm817869 balance forward 8184.84
2025-11-08 20:30:00 INFO: withdraw $773.78 from account tt154378 balance forward 674.71
2025-11-08 20:30:00 INFO: deposit $971.22 into account dp101109 balance forward 2116.24
2025-11-08 20:30:00 INFO: deposit $457.81 into account ny418398 balance forward 7928.21
2025-11-08 20:30:00 INFO: withdraw $406.68 from account rw288243 balance forward 5630.87
2025-11-08 20:30:00 INFO: withdraw $639.79 from account fv958839 balance forward 8492.39
2025-11-08 20:30:00 INFO: deposit $269.56 into account ai328877 balance forward 8958.28
2025-11-08 20:30:00 INFO: deposit $168.92 into account ym890403 balance forward 6009.94
2025-11-08 20:30:00 INFO: deposit $398.43 into account eh661072 balance forward 1234.43
2025-11-08 20:30:00 INFO: deposit $134.21 into account cz965808 balance forward 6237.13
2025-11-08 20:30:00 INFO: withdraw $270.36 from account sq741404 balance forward 6352.38
2025-11-08 20:30:00 INFO: withdraw $237.87 from account as898560 balance forward 7634.04
2025-11-08 20:30:00 INFO: withdraw $647.52 from account rk404971 balance forward 7097.20
2025-11-08 20:30:00 INFO: withdraw $529.51 from account tx835396 balance forward 1555.99
2025-11-08 20:30:00 INFO: deposit $189.77 into account kc402077 balance forward 1617.20
2025-11-08 20:30:00 INFO: deposit $628.39 into account zp204191 balance forward 1757.08
2025-11-08 20:30:00 INFO: withdraw $401.60 from account aa291559 balance forward 4355.31
2025-11-08 20:30:00 INFO: withdraw $806.89 from account ip228387 balance forward 9945.66
2025-11-08 20:30:00 INFO: deposit $327.63 into account lb717748 balance forward 10963.29
2025-11-08 20:30:00 INFO: deposit $95.27 into account lm253103 balance forward 7050.62
2025-11-08 20:30:00 INFO: deposit $337.37 into account mz443755 balance forward 1568.80
2025-11-08 20:30:00 INFO: withdraw $418.77 from account vf611862 balance forward 3883.72
2025-11-08 20:30:00 ERROR nonsufficient funds: withdraw $219.45 from account yn915358
2025-11-08 20:30:00 INFO: withdraw $825.21 from account lm940986 balance forward 564.01
2025-11-08 20:30:00 INFO: deposit $409.43 into account xv821681 balance forward 9798.55
2025-11-08 20:30:00 INFO: deposit $965.98 into account lc804754 balance forward 10849.73
2025-11-08 20:30:00 INFO: withdraw $506.68 from account wt710579 balance forward 7644.88
2025-11-08 20:30:00 INFO: withdraw $473.14 from account sl531914 balance forward 1320.85
2025-11-08 20:30:00 INFO: withdraw $742.00 from account nk969651 balance forward 6826.31
2025-11-08 20:30:00 INFO: deposit $513.25 into account gv960171 balance forward 6495.02
2025-11-08 20:30:00 INFO: withdraw $627.14 from account pm349473 balance forward 8692.02
2025-11-08 20:30:00 INFO: deposit $27.52 into account nn815052 balance forward 946.34
2025-11-08 20:30:00 INFO: withdraw $851.96 from account hx146890 balance forward 1231.17
2025-11-08 20:30:00 INFO: withdraw $789.14 from account sm937395 balance forward 475.13
2025-11-08 20:30:00 INFO: deposit $948.01 into account qh730367 balance forward 3340.01
2025-11-08 20:30:00 INFO: deposit $42.08 into account sh856684 balance forward 10454.25
2025-11-08 20:30:00 INFO: deposit $785.75 into account uk330247 balance forward 1434.54
2025-11-08 20:30:00 INFO: withdraw $650.04 from account ig525784 balance forward 5050.49
2025-11-08 20:30:00 INFO: deposit $549.28 into account wl434224 balance forward 2203.46
2025-11-08 20:30:00 INFO: deposit $507.44 into account gq863782 balance forward 6337.94
2025-11-08 20:30:00 INFO: withdraw $287.29 from account zp204191 balance forward 1469.79
2025-11-08 20:30:00 INFO: deposit $901.80 into account jw245662 balance forward 1717.20
2025-11-08 20:30:00 INFO: withdraw $903.20 from account ip228387 balance forward 9042.46
2025-11-08 20:30:00 INFO: withdraw $92.11 from account uy777243 balance forward 1302.84
2025-11-08 20:30:00 INFO: withdraw $636.15 from account nh529233 balance forward 7686.23
2025-11-08 20:30:00 INFO: withdraw $410.12 from account tj308778 balance forward 6519.48
2025-11-08 20:30:00 INFO: deposit $239.61 into account iv613624 balance forward 7234.81
2025-11-08 20:30:00 INFO: withdraw $66.67 from account qb235683 balance forward 7107.44
2025-11-08 20:30:00 INFO: deposit $747.74 into account nq350637 balance forward 11073.96
2025-11-08 20:30:00 INFO: withdraw $83.11 from account cr467080 balance forward 1885.73
2025-11-08 20:30:00 INFO: deposit $837.99 into account yg323817 balance forward 10734.71
2025-11-08 20:30:00 INFO: deposit $978.68 into account gb505437 balance forward 5129.47
2025-11-08 20:30:00 INFO: withdraw $210.71 from account pr470955 balance forward 6738.95
2025-11-08 20:30:00 INFO: withdraw $210.58 from account ze572689 balance forward 1440.73
2025-11-08 20:30:00 INFO: deposit $539.98 into account gb946504 balance forward 2176.03
2025-11-08 20:30:00 INFO: withdraw $957.45 from account qe888814 balance forward 7180.25
2025-11-08 20:30:00 INFO: deposit $462.42 into account xu877837 balance forward 2805.34
2025-11-08 20:30:00 INFO: deposit $174.59 into account qz918676 balance forward 1276.29
2025-11-08 20:30:00 INFO: withdraw $147.49 from account ss597466 balance forward 63.16
2025-11-08 20:30:00 INFO: deposit $737.12 into account px966244 balance forward 3284.68
2025-11-08 20:30:00 INFO: deposit $653.88 into account zc499993 balance forward 5669.12
2025-11-08 20:30:00 INFO: withdraw $425.85 from account ww688503 balance forward 2294.15
2025-11-08 20:30:00 INFO: deposit $651.73 into account xo761414 balance forward 7156.65
2025-11-08 20:30:00 INFO: withdraw $880.23 from account id676553 balance forward 7619.49
2025-11-08 20:30:00 INFO: deposit $76.77 into account mw541310 balance forward 2622.84
2025-11-08 20:30:00 INFO: withdraw $920.56 from account gq777329 balance forward 4799.80
2025-11-08 20:30:00 INFO: deposit $52.87 into account dp101109 balance forward 2169.11
2025-11-08 20:30:00 INFO: withdraw $164.60 from account jf380789 balance forward 3962.37
2025-11-08 20:30:00 INFO: deposit $128.13 into account rc600066 balance forward 8700.71
2025-11-08 20:30:00 INFO: deposit $986.29 into account ht797058 balance forward 1382.23
2025-11-08 20:30:00 INFO: deposit $267.25 into account rl427190 balance forward 962.51
2025-11-08 20:30:00 INFO: withdraw $410.53 from account dy781687 balance forward 6761.21
2025-11-08 20:30:00 INFO: withdraw $585.30 from account ht797058 balance forward 796.93
2025-11-08 20:30:00 INFO: withdraw $126.12 from account tr105717 balance forward 7798.04
2025-11-08 20:30:00 INFO: withdraw $767.22 from account uw197890 balance forward 10008.54
2025-11-08 20:30:00 INFO: deposit $107.46 into account uj585741 balance forward 2256.14
2025-11-08 20:30:00 INFO: deposit $81.61 into account rl427190 balance forward 1044.12
2025-11-08 20:30:00 INFO: withdraw $677.67 from account pr470955 balance forward 6061.28
2025-11-08 20:30:00 INFO: deposit $438.41 into account nu400558 balance forward 7377.71
2025-11-08 20:30:00 INFO: deposit $630.46 into account qq260786 balance forward 6034.86
2025-11-08 20:30:00 INFO: withdraw $587.12 from account yl434099 balance forward 3585.69
2025-11-08 20:30:00 INFO: withdraw $358.37 from account vx482996 balance forward 2464.21
2025-11-08 20:30:00 INFO: deposit $237.63 into account up835531 balance forward 8716.28
2025-11-08 20:30:00 INFO: deposit $681.56 into account qs514835 balance forward 9411.79
2025-11-08 20:30:00 INFO: deposit $258.54 into account bs625050 balance forward 3166.35
2025-11-08 20:30:00 INFO: withdraw $102.25 from account nz748925 balance forward 7980.53
2025-11-08 20:30:00 INFO: withdraw $507.47 from account yi152951 balance forward 1837.48
2025-11-08 20:30:00 INFO: deposit $860.36 into account am798528 balance forward 10343.87
2025-11-08 20:30:00 INFO: withdraw $250.38 from account ua790606 balance forward 9970.99
2025-11-08 20:30:00 INFO: deposit $70.32 into account zd994406 balance forward 8352.59
2025-11-08 20:30:00 INFO: deposit $180.12 into account ux839899 balance forward 5821.28
2025-11-08 20:30:00 INFO: withdraw $397.30 from account uw197890 balance forward 9611.24
2025-11-08 20:30:00 INFO: deposit $982.46 into account ze116354 balance forward 10256.52
2025-11-08 20:30:00 INFO: deposit $366.21 into account jd899656 balance forward 603.24
2025-11-08 20:30:00 INFO: withdraw $269.39 from account mf321144 balance forward 1168.52
2025-11-08 20:30:00 INFO: deposit $472.27 into account es145199 balance forward 2359.12
2025-11-08 20:30:00 INFO: withdraw $470.17 from account pr635585 balance forward 6673.90
2025-11-08 20:30:00 INFO: withdraw $713.21 from account uo666252 balance forward 8488.52
2025-11-08 20:30:00 INFO: deposit $726.78 into account zx786512 balance forward 8738.61
2025-11-08 20:30:00 INFO: deposit $451.65 into account tc759325 balance forward 4978.27
2025-11-08 20:30:00 INFO: deposit $259.40 into account vf611862 balance forward 4143.12
2025-11-08 20:30:00 INFO: deposit $287.42 into account cr467080 balance forward 2173.15
2025-11-08 20:30:00 INFO: deposit $151.33 into account ja127185 balance forward 7099.62
2025-11-08 20:30:00 INFO: deposit $27.40 into account tv868675 balance forward 8853.55
2025-11-08 20:30:00 INFO: deposit $700.36 into account lx568657 balance forward 2498.71
2025-11-08 20:30:00 INFO: withdraw $848.34 from account se184312 balance forward 4576.43
2025-11-08 20:30:00 INFO: withdraw $864.70 from account xv821681 balance forward 8933.85
2025-11-08 20:30:00 INFO: withdraw $240.78 from account gl868289 balance forward 6337.00
2025-11-08 20:30:00 INFO: withdraw $414.22 from account na324874 balance forward 8168.76
2025-11-08 20:30:00 INFO: withdraw $927.39 from account sd208701 balance forward 1329.54
2025-11-08 20:30:00 INFO: withdraw $952.18 from account dp101109 balance forward 1216.93
2025-11-08 20:30:00 INFO: withdraw $600.58 from account tz456552 balance forward 7482.77
2025-11-08 20:30:00 INFO: deposit $445.89 into account tj308778 balance forward 6965.37
2025-11-08 20:30:00 INFO: withdraw $523.07 from account hj713772 balance forward 1678.16
2025-11-08 20:30:00 INFO: deposit $211.02 into account jw598210 balance forward 2253.83
2025-11-08 20:30:00 INFO: withdraw $372.98 from account ym890403 balance forward 5636.96
2025-11-08 20:30:00 INFO: withdraw $659.55 from account pw670207 balance forward 7569.41
2025-11-08 20:30:00 INFO: withdraw $702.37 from account ob430224 balance forward 640.09
2025-11-08 20:30:00 INFO: deposit $611.82 into account tf922589 balance forward 752.96
2025-11-08 20:30:00 INFO: withdraw $482.02 from account qs514835 balance forward 8929.77
2025-11-08 20:30:00 INFO: deposit $686.70 into account qb957218 balance forward 1400.76
2025-11-08 20:30:00 INFO: deposit $56.88 into account tf922589 balance forward 809.84
2025-11-08 20:30:00 INFO: withdraw $692.46 from account bs625050 balance forward 2473.89
2025-11-08 20:30:00 INFO: deposit $565.04 into account eh661072 balance forward 1799.47
2025-11-08 20:30:00 INFO: deposit $321.62 into account ya677058 balance forward 894.66
2025-11-08 20:30:00 INFO: withdraw $364.93 from account pv323716 balance forward 6505.75
2025-11-08 20:30:00 INFO: withdraw $611.41 from account tc759325 balance forward 4366.86
2025-11-08 20:30:00 INFO: deposit $121.94 into account om825555 balance forward 3078.68
2025-11-08 20:30:00 INFO: deposit $652.32 into account mb318341 balance forward 3193.06
2025-11-08 20:30:00 INFO: withdraw $521.49 from account fa591940 balance forward 4934.25
2025-11-08 20:30:00 INFO: withdraw $380.62 from account yd265815 balance forward 2479.88
2025-11-08 20:30:00 INFO: deposit $154.43 into account ng982918 balance forward 9402.24
2025-11-08 20:30:00 INFO: deposit $840.09 into account ng636793 balance forward 3197.43
2025-11-08 20:30:00 INFO: deposit $219.71 into account if132802 balance forward 9142.88
2025-11-08 20:30:00 INFO: withdraw $795.08 from account zp204191 balance forward 674.71
2025-11-08 20:30:00 INFO: deposit $725.57 into account jf380789 balance forward 4687.94
2025-11-08 20:30:00 INFO: withdraw $995.02 from account bp505838 balance forward 6580.79
2025-11-08 20:30:00 INFO: withdraw $609.59 from account sj515928 balance forward 7910.97
2025-11-08 20:30:00 INFO: withdraw $655.02 from account ex545168 balance forward 7603.97
2025-11-08 20:30:00 INFO: withdraw $950.61 from account tv868675 balance forward 7902.94
2025-11-08 20:30:00 INFO: withdraw $355.89 from account pz322999 balance forward 1269.00
2025-11-08 20:30:00 INFO: deposit $55.52 into account ta521361 balance forward 1912.62
2025-11-08 20:30:00 INFO: deposit $517.27 into account zf412787 balance forward 7869.34
2025-11-08 20:30:00 INFO: withdraw $211.40 from account cz965808 balance forward 6025.73
2025-11-08 20:30:00 INFO: deposit $601.17 into account vi430538 balance forward 8177.41
2025-11-08 20:30:00 INFO: withdraw $447.62 from account bp725700 balance forward 4315.38
2025-11-08 20:30:00 INFO: withdraw $112.30 from account tx224661 balance forward 8613.97
2025-11-08 20:30:00 INFO: deposit $927.36 into account ay738242 balance forward 3576.81
2025-11-08 20:30:00 INFO: withdraw $439.32 from account dr169375 balance forward 2173.28
2025-11-08 20:30:00 INFO: deposit $718.31 into account cd428747 balance forward 1039.34
2025-11-08 20:30:00 INFO: deposit $535.52 into account fa591940 balance forward 5469.77
2025-11-08 20:30:00 INFO: deposit $867.83 into account he669924 balance forward 1652.91
2025-11-08 20:30:00 INFO: withdraw $723.26 from account gl866732 balance forward 6886.21
2025-11-08 20:30:00 INFO: deposit $509.35 into account pz322999 balance forward 1778.35
2025-11-08 20:30:00 INFO: withdraw $538.46 from account ql661017 balance forward 30.52
2025-11-08 20:30:00 INFO: deposit $651.70 into account fw431659 balance forward 7103.18
2025-11-08 20:30:00 INFO: deposit $772.00 into account wj826111 balance forward 2036.20
2025-11-08 20:30:00 INFO: withdraw $348.43 from account jb675667 balance forward 7759.76
2025-11-08 20:30:00 INFO: withdraw $191.69 from account ub443160 balance forward 6563.42
2025-11-08 20:30:00 INFO: deposit $962.92 into account ig525784 balance forward 6013.41
2025-11-08 20:30:00 INFO: withdraw $475.83 from account na324874 balance forward 7692.93
2025-11-08 20:30:00 ERROR nonsufficient funds: withdraw $753.03 from account cs482001
2025-11-08 20:30:00 INFO: withdraw $169.66 from account ye569395 balance forward 5825.01
2025-11-08 20:30:00 INFO: deposit $796.73 into account nk434614 balance forward 2473.61
2025-11-08 20:30:00 INFO: withdraw $653.49 from account vy365449 balance forward 1659.83
2025-11-08 20:30:00 INFO: withdraw $117.54 from account ms323255 balance forward 799.60
2025-11-08 20:30:00 INFO: deposit $24.58 into account cp213949 balance forward 1901.85
2025-11-08 20:30:00 INFO: withdraw $804.68 from account mw541310 balance forward 1818.16
2025-11-08 20:30:00 INFO: withdraw $972.76 from account hq624473 balance forward 9164.00
2025-11-08 20:30:00 ERROR nonsufficient funds: withdraw $255.62 from account ti960627
2025-11-08 20:30:00 INFO: withdraw $789.23 from account yc500519 balance forward 2255.90
2025-11-08 20:30:00 INFO: withdraw $788.88 from account ia669926 balance forward 221.96
2025-11-08 20:30:00 INFO: withdraw $762.64 from account ze572689 balance forward 678.09
2025-11-08 20:30:00 INFO: withdraw $835.20 from account jp389006 balance forward 4920.08
2025-11-08 20:30:00 INFO: deposit $488.16 into account wz240833 balance forward 7460.18
2025-11-08 20:30:00 INFO: deposit $534.49 into account xv821681 balance forward 9468.34
2025-11-08 20:30:00 INFO: deposit $366.00 into account lb717748 balance forward 11329.29
2025-11-08 20:30:00 INFO: withdraw $703.27 from account jl666941 balance forward 5940.41
2025-11-08 20:30:00 INFO: deposit $321.22 into account ny418398 balance forward 8249.43
2025-11-08 20:30:00 INFO: withdraw $57.45 from account gx323914 balance forward 2144.95
2025-11-08 20:30:00 INFO: deposit $764.00 into account gq777329 balance forward 5563.80
2025-11-08 20:30:00 INFO: deposit $456.91 into account zq388703 balance forward 9661.46
2025-11-08 20:30:00 INFO: withdraw $930.21 from account ce650119 balance forward 173.38
2025-11-08 20:30:00 INFO: withdraw $51.08 from account pv323716 balance forward 6454.67
2025-11-08 20:30:00 INFO: withdraw $270.43 from account ke228476 balance forward 517.14
2025-11-08 20:30:00 INFO: deposit $365.07 into account pm349473 balance forward 9057.09
2025-11-08 20:30:00 INFO: deposit $558.74 into account ub443160 balance forward 7122.16
2025-11-08 20:30:00 INFO: withdraw $267.29 from account sz220995 balance forward 6694.47
2025-11-08 20:30:00 INFO: deposit $595.85 into account vl546169 balance forward 3108.04
2025-11-08 20:30:00 INFO: deposit $970.75 into account ns925478 balance forward 2831.03
2025-11-08 20:30:00 INFO: deposit $795.34 into account ri770088 balance forward 1087.32
2025-11-08 20:30:00 INFO: withdraw $674.67 from account wl823738 balance forward 9824.07
2025-11-08 20:30:00 INFO: withdraw $361.45 from account pr635585 balance forward 6312.45
2025-11-08 20:30:00 INFO: withdraw $760.20 from account jj732263 balance forward 6901.31
2025-11-08 20:30:00 INFO: withdraw $471.37 from account he669924 balance forward 1181.54
2025-11-08 20:30:00 INFO: deposit $598.74 into account rk404971 balance forward 7695.94
2025-11-08 20:30:00 INFO: withdraw $599.59 from account ux833041 balance forward 8158.55
2025-11-08 20:30:00 INFO: withdraw $212.95 from account ng982918 balance forward 9189.29
2025-11-08 20:30:00 INFO: withdraw $727.74 from account ir605298 balance forward 497.28
2025-11-08 20:30:00 INFO: withdraw $439.92 from account uo356141 balance forward 1385.86
2025-11-08 20:30:00 INFO: deposit $841.04 into account tw668541 balance forward 7831.72
2025-11-08 20:30:00 INFO: deposit $605.53 into account mz565781 balance forward 9825.26
2025-11-08 20:30:00 INFO: deposit $591.93 into account tt154378 balance forward 1266.64
2025-11-08 20:30:00 INFO: deposit $841.15 into account bh990490 balance forward 2248.13
2025-11-08 20:30:00 INFO: deposit $229.23 into account ip228387 balance forward 9271.69
2025-11-08 20:30:00 INFO: withdraw $208.03 from account qz918676 balance forward 1068.26
2025-11-08 20:30:00 INFO: deposit $480.37 into account ww688503 balance forward 2774.52
2025-11-08 20:30:00 ERROR nonsufficient funds: withdraw $904.00 from account yg107456
2025-11-08 20:30:00 INFO: withdraw $129.39 from account mi663991 balance forward 381.81
2025-11-08 20:30:00 INFO: deposit $237.20 into account sh856684 balance forward 10691.45
2025-11-08 20:30:00 INFO: withdraw $833.91 from account ct405641 balance forward 7096.24
2025-11-08 20:30:00 INFO: deposit $967.24 into account fu854050 balance forward 2453.76
2025-11-08 20:30:00 INFO: deposit $201.42 into account vy250358 balance forward 1802.08
2025-11-08 20:30:00 INFO: deposit $706.06 into account os576633 balance forward 5156.79
2025-11-08 20:30:00 INFO: deposit $248.61 into account fg506562 balance forward 6908.62
2025-11-08 20:30:00 INFO: withdraw $390.41 from account xr470552 balance forward 839.06
2025-11-08 20:30:00 INFO: withdraw $229.68 from account me524056 balance forward 683.35
2025-11-08 20:30:00 INFO: deposit $163.40 into account wn924632 balance forward 3562.69
2025-11-08 20:30:00 INFO: withdraw $462.43 from account zc499993 balance forward 5206.69
2025-11-08 20:30:00 INFO: withdraw $406.73 from account mw852894 balance forward 8462.45
2025-11-08 20:30:00 INFO: deposit $885.74 into account vc906780 balance forward 3055.21
2025-11-08 20:30:00 INFO: withdraw $74.31 from account mp759295 balance forward 6710.49
2025-11-08 20:30:00 INFO: deposit $960.44 into account yc500519 balance forward 3216.34
2025-11-08 20:30:00 INFO: deposit $839.66 into account zo598023 balance forward 7296.71
2025-11-08 20:30:00 INFO: withdraw $859.97 from account ya677058 balance forward 34.69
2025-11-08 20:30:00 INFO: deposit $691.62 into account ym890403 balance forward 6328.58
2025-11-08 20:30:00 INFO: deposit $57.14 into account ia669926 balance forward 279.10
2025-11-08 20:30:00 INFO: deposit $233.36 into account sw222292 balance forward 6919.89
2025-11-08 20:30:00 INFO: deposit $143.57 into account jw598210 balance forward 2397.40
2025-11-08 20:30:00 INFO: withdraw $736.64 from account di506422 balance forward 390.84
2025-11-08 20:30:00 INFO: withdraw $566.89 from account nh529233 balance forward 7119.34
2025-11-08 20:30:00 INFO: deposit $986.22 into account sn317734 balance forward 7920.49
2025-11-08 20:30:00 INFO: withdraw $871.85 from account lf877239 balance forward 4505.98
2025-11-08 20:30:00 INFO: withdraw $878.41 from account sj515928 balance forward 7032.56
2025-11-08 20:30:00 ERROR nonsufficient funds: withdraw $381.00 from account ce650119
2025-11-08 20:30:00 INFO: withdraw $192.68 from account gn184256 balance forward 7317.66
2025-11-08 20:30:00 INFO: withdraw $978.01 from account up358852 balance forward 648.01
2025-11-08 20:30:00 INFO: deposit $324.65 into account mz565781 balance forward 10149.91
2025-11-08 20:30:00 INFO: withdraw $72.76 from account ct405641 balance forward 7023.48
2025-11-08 20:30:00 ERROR nonsufficient funds: withdraw $992.27 from account ql661017
2025-11-08 20:30:00 INFO: deposit $59.60 into account gs479948 balance forward 8578.13
2025-11-08 20:30:00 INFO: withdraw $292.41 from account ef779785 balance forward 1227.28
2025-11-08 20:30:00 INFO: withdraw $200.02 from account qv416236 balance forward 8241.31
2025-11-08 20:30:00 INFO: withdraw $162.54 from account dy991054 balance forward 8991.51
2025-11-08 20:30:00 INFO: withdraw $205.98 from account eo354253 balance forward 2201.40
2025-11-08 20:30:00 INFO: deposit $315.13 into account bt766102 balance forward 1512.72
2025-11-08 20:30:00 INFO: withdraw $597.02 from account po211385 balance forward 7157.45
2025-11-08 20:30:00 INFO: deposit $566.81 into account wt710579 balance forward 8211.69
2025-11-08 20:30:00 INFO: deposit $471.14 into account ys570572 balance forward 3858.70
2025-11-08 20:30:00 INFO: deposit $139.32 into account vf611862 balance forward 4282.44
2025-11-08 20:30:00 INFO: deposit $600.81 into account tc759325 balance forward 4967.67
2025-11-08 20:30:00 INFO: withdraw $401.62 from account jd235801 balance forward 7454.20
2025-11-08 20:30:00 INFO: deposit $991.42 into account sa800838 balance forward 9170.55
2025-11-08 20:30:00 INFO: withdraw $987.05 from account fv740244 balance forward 1908.12
2025-11-08 20:30:00 INFO: deposit $27.78 into account ie621775 balance forward 4252.82
2025-11-08 20:30:00 INFO: deposit $995.20 into account ng982918 balance forward 10184.49
2025-11-08 20:30:00 INFO: withdraw $263.00 from account pd784404 balance forward 322.23
2025-11-08 20:30:00 INFO: deposit $182.88 into account bt293182 balance forward 2396.54
2025-11-08 20:30:00 INFO: deposit $599.51 into account gb946504 balance forward 2775.54
2025-11-08 20:30:00 INFO: withdraw $862.12 from account jl666941 balance forward 5078.29
2025-11-08 20:30:00 INFO: withdraw $450.34 from account nh869874 balance forward 6855.47
2025-11-08 20:30:00 INFO: deposit $648.26 into account nx509474 balance forward 10940.15
2025-11-08 20:30:00 INFO: deposit $125.00 into account cv831068 balance forward 2961.36
2025-11-08 20:30:00 INFO: withdraw $529.34 from account zo598023 balance forward 6767.37
2025-11-08 20:30:00 INFO: deposit $66.10 into account uf344501 balance forward 1266.63
2025-11-08 20:30:00 INFO: withdraw $922.05 from account tz456552 balance forward 6560.72
2025-11-08 20:30:00 INFO: deposit $170.29 into account gx323914 balance forward 2315.24
2025-11-08 20:30:00 INFO: deposit $539.39 into account vf611862 balance forward 4821.83
2025-11-08 20:30:00 INFO: withdraw $843.48 from account se184312 balance forward 3732.95
2025-11-08 20:30:00 INFO: deposit $702.65 into account uf344501 balance forward 1969.28
2025-11-08 20:30:00 INFO: deposit $808.85 into account yf506972 balance forward 9352.92
2025-11-08 20:30:00 INFO: deposit $962.89 into account fm153275 balance forward 6883.57
2025-11-08 20:30:00 INFO: withdraw $824.44 from account rq354618 balance forward 8170.22
2025-11-08 20:30:00 INFO: withdraw $150.31 from account qb235683 balance forward 6957.13
2025-11-08 20:30:00 INFO: withdraw $501.38 from account rw288243 balance forward 5129.49
2025-11-08 20:30:00 INFO: withdraw $274.35 from account ie621775 balance forward 3978.47
2025-11-08 20:30:00 INFO: withdraw $798.95 from account vm423150 balance forward 3798.04
2025-11-08 20:30:00 INFO: deposit $857.54 into account uy811249 balance forward 3710.56
2025-11-08 20:30:00 INFO: withdraw $287.06 from account tv924074 balance forward 7328.40
2025-11-08 20:30:00 INFO: withdraw $161.54 from account dr169375 balance forward 2011.74
2025-11-08 20:30:00 INFO: withdraw $468.25 from account fm655856 balance forward 6351.30
2025-11-08 20:30:00 INFO: deposit $795.99 into account rl427190 balance forward 1840.11
2025-11-08 20:30:00 INFO: withdraw $112.37 from account pc432548 balance forward 5610.79
2025-11-08 20:30:00 INFO: withdraw $499.82 from account es461694 balance forward 1873.94
2025-11-08 20:30:00 INFO: deposit $29.73 into account lz888969 balance forward 1203.93
2025-11-08 20:30:00 INFO: withdraw $693.32 from account fv958839 balance forward 7799.07
2025-11-08 20:30:00 INFO: withdraw $478.41 from account ig525784 balance forward 5535.00
2025-11-08 20:30:00 INFO: deposit $180.55 into account nz748925 balance forward 8161.08
2025-11-08 20:30:00 INFO: withdraw $569.59 from account kg352753 balance forward 219.69
2025-11-08 20:30:00 INFO: deposit $980.07 into account ng982918 balance forward 11164.56
2025-11-08 20:30:00 INFO: deposit $76.81 into account zf700740 balance forward 3187.02
2025-11-08 20:30:00 INFO: deposit $809.73 into account yf506972 balance forward 10162.65
2025-11-08 20:30:00 INFO: deposit $598.69 into account fw431659 balance forward 7701.87
2025-11-08 20:30:00 INFO: deposit $824.73 into account lm940986 balance forward 1388.74
2025-11-08 20:30:00 INFO: withdraw $117.94 from account es461694 balance forward 1756.00
2025-11-08 20:30:00 INFO: deposit $327.61 into account jw598210 balance forward 2725.01
2025-11-08 20:30:00 INFO: deposit $688.69 into account ms323255 balance forward 1488.29
2025-11-08 20:30:00 INFO: deposit $663.06 into account vg107077 balance forward 10072.47
2025-11-08 20:30:00 INFO: withdraw $792.16 from account hr108256 balance forward 923.02
2025-11-08 20:30:00 INFO: deposit $853.89 into account zx114329 balance forward 3770.28
2025-11-08 20:30:00 INFO: deposit $483.43 into account hd510371 balance forward 2193.39
2025-11-08 20:30:00 INFO: withdraw $789.43 from account ye569395 balance forward 5035.58
2025-11-08 20:30:00 INFO: deposit $916.07 into account mb318341 balance forward 4109.13
2025-11-08 20:30:00 INFO: deposit $472.15 into account kv697704 balance forward 4548.03
2025-11-08 20:30:00 INFO: deposit $521.62 into account gq863782 balance forward 6859.56
2025-11-08 20:30:00 INFO: withdraw $499.67 from account nh529233 balance forward 6619.67
2025-11-08 20:30:00 INFO: withdraw $595.05 from account rl427190 balance forward 1245.06
2025-11-08 20:30:00 INFO: deposit $990.74 into account vl546169 balance forward 4098.78
2025-11-08 20:30:00 INFO: deposit $56.41 into account nh285295 balance forward 1666.40
2025-11-08 20:30:00 INFO: deposit $110.38 into account yg107456 balance forward 833.20
2025-11-08 20:30:00 INFO: deposit $539.89 into account ng982918 balance forward 11704.45
2025-11-08 20:30:00 INFO: deposit $885.33 into account xu877837 balance forward 3690.67
2025-11-08 20:30:00 INFO: deposit $611.48 into account lh588667 balance forward 4470.00
2025-11-08 20:30:00 INFO: withdraw $530.80 from account uy811249 balance forward 3179.76
